<?xml version="1.0" encoding="UTF-8" standalone="yes"?><!DOCTYPE report PUBLIC "-//JACOCO//DTD Report 1.0//EN" "report.dtd"><report name="jQuery4JavaFX"><sessioninfo id="LMAES70457-4b181a4f" start="1458172224642" dump="1458172227291"/><sessioninfo id="LMAES70457-d8886612" start="1458173023435" dump="1458173026436"/><sessioninfo id="LMAES70457-e1bbeb78" start="1458173155992" dump="1458173158457"/><sessioninfo id="LMAES70457-7e26cb76" start="1458173184434" dump="1458173187653"/><sessioninfo id="LMAES70457-432b4570" start="1458184329390" dump="1458184338465"/><sessioninfo id="LMAES70457-1a379974" start="1458185119887" dump="1458185128659"/><sessioninfo id="LMAES70457-e0e8bf9e" start="1458185466729" dump="1458185477433"/><sessioninfo id="LMAES70457-72281497" start="1458185655030" dump="1458185665322"/><sessioninfo id="LMAES70457-c8c23dc9" start="1458188099699" dump="1458188109305"/><sessioninfo id="LMAES70457-2c22c836" start="1458188166185" dump="1458188176517"/><sessioninfo id="LMAES70457-50960b20" start="1458188566779" dump="1458188577143"/><sessioninfo id="LMAES70457-65f647cb" start="1458188634121" dump="1458188644572"/><sessioninfo id="LMAES70457-475ef96" start="1458188750855" dump="1458188762063"/><sessioninfo id="LMAES70457-5d244546" start="1458189671817" dump="1458189683207"/><sessioninfo id="LMAES70457-1ee06b7e" start="1458198035407" dump="1458198047454"/><sessioninfo id="d-PC-f97aa08b" start="1458555502466" dump="1458555517224"/><package name="com/belteshazzar/jquery/functions/callers"><class name="com/belteshazzar/jquery/functions/callers/VoidFunctionFunctionCaller"><method name="&lt;init&gt;" desc="(Lcom/belteshazzar/jquery/functions/VoidFunctionFunction;)V" line="10"><counter type="INSTRUCTION" missed="6" covered="0"/><counter type="LINE" missed="3" covered="0"/><counter type="COMPLEXITY" missed="1" covered="0"/><counter type="METHOD" missed="1" covered="0"/></method><method name="call" desc="()Lcom/belteshazzar/jquery/functions/VoidFunction;" line="15"><counter type="INSTRUCTION" missed="4" covered="0"/><counter type="LINE" missed="1" covered="0"/><counter type="COMPLEXITY" missed="1" covered="0"/><counter type="METHOD" missed="1" covered="0"/></method><counter type="INSTRUCTION" missed="10" covered="0"/><counter type="LINE" missed="4" covered="0"/><counter type="COMPLEXITY" missed="2" covered="0"/><counter type="METHOD" missed="2" covered="0"/><counter type="CLASS" missed="1" covered="0"/></class><class name="com/belteshazzar/jquery/functions/callers/IntIntIntFunctionCaller"><method name="&lt;init&gt;" desc="(Lcom/belteshazzar/jquery/functions/IntIntIntFunction;)V" line="9"><counter type="INSTRUCTION" missed="6" covered="0"/><counter type="LINE" missed="3" covered="0"/><counter type="COMPLEXITY" missed="1" covered="0"/><counter type="METHOD" missed="1" covered="0"/></method><method name="call" desc="(II)I" line="14"><counter type="INSTRUCTION" missed="6" covered="0"/><counter type="LINE" missed="1" covered="0"/><counter type="COMPLEXITY" missed="1" covered="0"/><counter type="METHOD" missed="1" covered="0"/></method><counter type="INSTRUCTION" missed="12" covered="0"/><counter type="LINE" missed="4" covered="0"/><counter type="COMPLEXITY" missed="2" covered="0"/><counter type="METHOD" missed="2" covered="0"/><counter type="CLASS" missed="1" covered="0"/></class><class name="com/belteshazzar/jquery/functions/callers/IntOffsetOffsetFunctionCaller"><method name="&lt;init&gt;" desc="(Lcom/belteshazzar/jquery/functions/IntOffsetOffsetFunction;)V" line="12"><counter type="INSTRUCTION" missed="6" covered="0"/><counter type="LINE" missed="3" covered="0"/><counter type="COMPLEXITY" missed="1" covered="0"/><counter type="METHOD" missed="1" covered="0"/></method><method name="call" desc="(ILjava/lang/Object;)Lcom/belteshazzar/jquery/Offset;" line="17"><counter type="INSTRUCTION" missed="10" covered="0"/><counter type="LINE" missed="1" covered="0"/><counter type="COMPLEXITY" missed="1" covered="0"/><counter type="METHOD" missed="1" covered="0"/></method><counter type="INSTRUCTION" missed="16" covered="0"/><counter type="LINE" missed="4" covered="0"/><counter type="COMPLEXITY" missed="2" covered="0"/><counter type="METHOD" missed="2" covered="0"/><counter type="CLASS" missed="1" covered="0"/></class><class name="com/belteshazzar/jquery/functions/callers/IntStringBooleanStringFunctionCaller"><method name="&lt;init&gt;" desc="(Lcom/belteshazzar/jquery/functions/IntStringBooleanStringFunction;)V" line="9"><counter type="INSTRUCTION" missed="6" covered="0"/><counter type="LINE" missed="3" covered="0"/><counter type="COMPLEXITY" missed="1" covered="0"/><counter type="METHOD" missed="1" covered="0"/></method><method name="call" desc="(ILjava/lang/String;Z)Ljava/lang/String;" line="14"><counter type="INSTRUCTION" missed="7" covered="0"/><counter type="LINE" missed="1" covered="0"/><counter type="COMPLEXITY" missed="1" covered="0"/><counter type="METHOD" missed="1" covered="0"/></method><counter type="INSTRUCTION" missed="13" covered="0"/><counter type="LINE" missed="4" covered="0"/><counter type="COMPLEXITY" missed="2" covered="0"/><counter type="METHOD" missed="2" covered="0"/><counter type="CLASS" missed="1" covered="0"/></class><class name="com/belteshazzar/jquery/functions/callers/IntStringJQueryFunctionCaller"><method name="&lt;init&gt;" desc="(Lcom/belteshazzar/jquery/functions/IntStringJQueryFunction;)V" line="10"><counter type="INSTRUCTION" missed="6" covered="0"/><counter type="LINE" missed="3" covered="0"/><counter type="COMPLEXITY" missed="1" covered="0"/><counter type="METHOD" missed="1" covered="0"/></method><method name="call" desc="(ILjava/lang/String;)Lcom/belteshazzar/jquery/JQuery;" line="15"><counter type="INSTRUCTION" missed="6" covered="0"/><counter type="LINE" missed="1" covered="0"/><counter type="COMPLEXITY" missed="1" covered="0"/><counter type="METHOD" missed="1" covered="0"/></method><counter type="INSTRUCTION" missed="12" covered="0"/><counter type="LINE" missed="4" covered="0"/><counter type="COMPLEXITY" missed="2" covered="0"/><counter type="METHOD" missed="2" covered="0"/><counter type="CLASS" missed="1" covered="0"/></class><class name="com/belteshazzar/jquery/functions/callers/EventHandlerCaller"><method name="&lt;init&gt;" desc="(Lcom/belteshazzar/jquery/EventHandler;)V" line="12"><counter type="INSTRUCTION" missed="0" covered="6"/><counter type="LINE" missed="0" covered="3"/><counter type="COMPLEXITY" missed="0" covered="1"/><counter type="METHOD" missed="0" covered="1"/></method><method name="call" desc="(Lnetscape/javascript/JSObject;)V" line="17"><counter type="INSTRUCTION" missed="0" covered="8"/><counter type="LINE" missed="0" covered="2"/><counter type="COMPLEXITY" missed="0" covered="1"/><counter type="METHOD" missed="0" covered="1"/></method><counter type="INSTRUCTION" missed="0" covered="14"/><counter type="LINE" missed="0" covered="5"/><counter type="COMPLEXITY" missed="0" covered="2"/><counter type="METHOD" missed="0" covered="2"/><counter type="CLASS" missed="0" covered="1"/></class><class name="com/belteshazzar/jquery/functions/callers/IntIntStringFunctionCaller"><method name="&lt;init&gt;" desc="(Lcom/belteshazzar/jquery/functions/IntIntStringFunction;)V" line="9"><counter type="INSTRUCTION" missed="6" covered="0"/><counter type="LINE" missed="3" covered="0"/><counter type="COMPLEXITY" missed="1" covered="0"/><counter type="METHOD" missed="1" covered="0"/></method><method name="call" desc="(II)Ljava/lang/String;" line="14"><counter type="INSTRUCTION" missed="6" covered="0"/><counter type="LINE" missed="1" covered="0"/><counter type="COMPLEXITY" missed="1" covered="0"/><counter type="METHOD" missed="1" covered="0"/></method><counter type="INSTRUCTION" missed="12" covered="0"/><counter type="LINE" missed="4" covered="0"/><counter type="COMPLEXITY" missed="2" covered="0"/><counter type="METHOD" missed="2" covered="0"/><counter type="CLASS" missed="1" covered="0"/></class><class name="com/belteshazzar/jquery/functions/callers/IntJQueryFunctionCaller"><method name="&lt;init&gt;" desc="(Lcom/belteshazzar/jquery/functions/IntJQueryFunction;)V" line="10"><counter type="INSTRUCTION" missed="6" covered="0"/><counter type="LINE" missed="3" covered="0"/><counter type="COMPLEXITY" missed="1" covered="0"/><counter type="METHOD" missed="1" covered="0"/></method><method name="call" desc="(I)Lcom/belteshazzar/jquery/JQuery;" line="15"><counter type="INSTRUCTION" missed="5" covered="0"/><counter type="LINE" missed="1" covered="0"/><counter type="COMPLEXITY" missed="1" covered="0"/><counter type="METHOD" missed="1" covered="0"/></method><counter type="INSTRUCTION" missed="11" covered="0"/><counter type="LINE" missed="4" covered="0"/><counter type="COMPLEXITY" missed="2" covered="0"/><counter type="METHOD" missed="2" covered="0"/><counter type="CLASS" missed="1" covered="0"/></class><class name="com/belteshazzar/jquery/functions/callers/IntStringElementFunctionCaller"><method name="&lt;init&gt;" desc="(Lcom/belteshazzar/jquery/functions/IntStringElementFunction;)V" line="11"><counter type="INSTRUCTION" missed="6" covered="0"/><counter type="LINE" missed="3" covered="0"/><counter type="COMPLEXITY" missed="1" covered="0"/><counter type="METHOD" missed="1" covered="0"/></method><method name="call" desc="(ILjava/lang/String;)Lorg/w3c/dom/Element;" line="16"><counter type="INSTRUCTION" missed="6" covered="0"/><counter type="LINE" missed="1" covered="0"/><counter type="COMPLEXITY" missed="1" covered="0"/><counter type="METHOD" missed="1" covered="0"/></method><counter type="INSTRUCTION" missed="12" covered="0"/><counter type="LINE" missed="4" covered="0"/><counter type="COMPLEXITY" missed="2" covered="0"/><counter type="METHOD" missed="2" covered="0"/><counter type="CLASS" missed="1" covered="0"/></class><class name="com/belteshazzar/jquery/functions/callers/IntStringFunctionCaller"><method name="&lt;init&gt;" desc="(Lcom/belteshazzar/jquery/functions/IntStringFunction;)V" line="9"><counter type="INSTRUCTION" missed="6" covered="0"/><counter type="LINE" missed="3" covered="0"/><counter type="COMPLEXITY" missed="1" covered="0"/><counter type="METHOD" missed="1" covered="0"/></method><method name="call" desc="(I)Ljava/lang/String;" line="14"><counter type="INSTRUCTION" missed="5" covered="0"/><counter type="LINE" missed="1" covered="0"/><counter type="COMPLEXITY" missed="1" covered="0"/><counter type="METHOD" missed="1" covered="0"/></method><counter type="INSTRUCTION" missed="11" covered="0"/><counter type="LINE" missed="4" covered="0"/><counter type="COMPLEXITY" missed="2" covered="0"/><counter type="METHOD" missed="2" covered="0"/><counter type="CLASS" missed="1" covered="0"/></class><class name="com/belteshazzar/jquery/functions/callers/IntElementObjectFunctionCaller"><method name="&lt;init&gt;" desc="(Lcom/belteshazzar/jquery/functions/IntElementObjectFunction;)V" line="11"><counter type="INSTRUCTION" missed="0" covered="6"/><counter type="LINE" missed="0" covered="3"/><counter type="COMPLEXITY" missed="0" covered="1"/><counter type="METHOD" missed="0" covered="1"/></method><method name="call" desc="(ILjava/lang/Object;)Ljava/lang/Object;" line="16"><counter type="INSTRUCTION" missed="0" covered="7"/><counter type="LINE" missed="0" covered="1"/><counter type="COMPLEXITY" missed="0" covered="1"/><counter type="METHOD" missed="0" covered="1"/></method><counter type="INSTRUCTION" missed="0" covered="13"/><counter type="LINE" missed="0" covered="4"/><counter type="COMPLEXITY" missed="0" covered="2"/><counter type="METHOD" missed="0" covered="2"/><counter type="CLASS" missed="0" covered="1"/></class><class name="com/belteshazzar/jquery/functions/callers/IntObjectObjectFunctionCaller"><method name="&lt;init&gt;" desc="(Lcom/belteshazzar/jquery/functions/IntObjectObjectFunction;)V" line="9"><counter type="INSTRUCTION" missed="6" covered="0"/><counter type="LINE" missed="3" covered="0"/><counter type="COMPLEXITY" missed="1" covered="0"/><counter type="METHOD" missed="1" covered="0"/></method><method name="call" desc="(ILjava/lang/Object;)Ljava/lang/Object;" line="14"><counter type="INSTRUCTION" missed="6" covered="0"/><counter type="LINE" missed="1" covered="0"/><counter type="COMPLEXITY" missed="1" covered="0"/><counter type="METHOD" missed="1" covered="0"/></method><counter type="INSTRUCTION" missed="12" covered="0"/><counter type="LINE" missed="4" covered="0"/><counter type="COMPLEXITY" missed="2" covered="0"/><counter type="METHOD" missed="2" covered="0"/><counter type="CLASS" missed="1" covered="0"/></class><class name="com/belteshazzar/jquery/functions/callers/PromiseVoidFunctionCaller"><method name="&lt;init&gt;" desc="(Lcom/belteshazzar/jquery/functions/PromiseVoidFunction;)V" line="12"><counter type="INSTRUCTION" missed="6" covered="0"/><counter type="LINE" missed="3" covered="0"/><counter type="COMPLEXITY" missed="1" covered="0"/><counter type="METHOD" missed="1" covered="0"/></method><method name="call" desc="(Ljava/lang/Object;)V" line="17"><counter type="INSTRUCTION" missed="9" covered="0"/><counter type="LINE" missed="2" covered="0"/><counter type="COMPLEXITY" missed="1" covered="0"/><counter type="METHOD" missed="1" covered="0"/></method><counter type="INSTRUCTION" missed="15" covered="0"/><counter type="LINE" missed="5" covered="0"/><counter type="COMPLEXITY" missed="2" covered="0"/><counter type="METHOD" missed="2" covered="0"/><counter type="CLASS" missed="1" covered="0"/></class><class name="com/belteshazzar/jquery/functions/callers/IntElementVoidFunctionCaller"><method name="&lt;init&gt;" desc="(Lcom/belteshazzar/jquery/functions/IntElementVoidFunction;)V" line="11"><counter type="INSTRUCTION" missed="6" covered="0"/><counter type="LINE" missed="3" covered="0"/><counter type="COMPLEXITY" missed="1" covered="0"/><counter type="METHOD" missed="1" covered="0"/></method><method name="call" desc="(ILjava/lang/Object;)V" line="16"><counter type="INSTRUCTION" missed="7" covered="0"/><counter type="LINE" missed="2" covered="0"/><counter type="COMPLEXITY" missed="1" covered="0"/><counter type="METHOD" missed="1" covered="0"/></method><counter type="INSTRUCTION" missed="13" covered="0"/><counter type="LINE" missed="5" covered="0"/><counter type="COMPLEXITY" missed="2" covered="0"/><counter type="METHOD" missed="2" covered="0"/><counter type="CLASS" missed="1" covered="0"/></class><class name="com/belteshazzar/jquery/functions/callers/IntElementFunctionCaller"><method name="&lt;init&gt;" desc="(Lcom/belteshazzar/jquery/functions/IntElementFunction;)V" line="11"><counter type="INSTRUCTION" missed="6" covered="0"/><counter type="LINE" missed="3" covered="0"/><counter type="COMPLEXITY" missed="1" covered="0"/><counter type="METHOD" missed="1" covered="0"/></method><method name="call" desc="(I)Lorg/w3c/dom/Element;" line="16"><counter type="INSTRUCTION" missed="5" covered="0"/><counter type="LINE" missed="1" covered="0"/><counter type="COMPLEXITY" missed="1" covered="0"/><counter type="METHOD" missed="1" covered="0"/></method><counter type="INSTRUCTION" missed="11" covered="0"/><counter type="LINE" missed="4" covered="0"/><counter type="COMPLEXITY" missed="2" covered="0"/><counter type="METHOD" missed="2" covered="0"/><counter type="CLASS" missed="1" covered="0"/></class><class name="com/belteshazzar/jquery/functions/callers/PromiseIntIntVoidFunctionCaller"><method name="&lt;init&gt;" desc="(Lcom/belteshazzar/jquery/functions/PromiseIntIntVoidFunction;)V" line="12"><counter type="INSTRUCTION" missed="6" covered="0"/><counter type="LINE" missed="3" covered="0"/><counter type="COMPLEXITY" missed="1" covered="0"/><counter type="METHOD" missed="1" covered="0"/></method><method name="call" desc="(Ljava/lang/Object;II)V" line="17"><counter type="INSTRUCTION" missed="11" covered="0"/><counter type="LINE" missed="2" covered="0"/><counter type="COMPLEXITY" missed="1" covered="0"/><counter type="METHOD" missed="1" covered="0"/></method><counter type="INSTRUCTION" missed="17" covered="0"/><counter type="LINE" missed="5" covered="0"/><counter type="COMPLEXITY" missed="2" covered="0"/><counter type="METHOD" missed="2" covered="0"/><counter type="CLASS" missed="1" covered="0"/></class><class name="com/belteshazzar/jquery/functions/callers/IntStringStringFunctionCaller"><method name="&lt;init&gt;" desc="(Lcom/belteshazzar/jquery/functions/IntStringStringFunction;)V" line="9"><counter type="INSTRUCTION" missed="0" covered="6"/><counter type="LINE" missed="0" covered="3"/><counter type="COMPLEXITY" missed="0" covered="1"/><counter type="METHOD" missed="0" covered="1"/></method><method name="call" desc="(ILjava/lang/String;)Ljava/lang/Object;" line="14"><counter type="INSTRUCTION" missed="0" covered="6"/><counter type="LINE" missed="0" covered="1"/><counter type="COMPLEXITY" missed="0" covered="1"/><counter type="METHOD" missed="0" covered="1"/></method><counter type="INSTRUCTION" missed="0" covered="12"/><counter type="LINE" missed="0" covered="4"/><counter type="COMPLEXITY" missed="0" covered="2"/><counter type="METHOD" missed="0" covered="2"/><counter type="CLASS" missed="0" covered="1"/></class><class name="com/belteshazzar/jquery/functions/callers/IntTweenVoidFunctionCaller"><method name="&lt;init&gt;" desc="(Lcom/belteshazzar/jquery/functions/IntTweenVoidFunction;)V" line="12"><counter type="INSTRUCTION" missed="0" covered="6"/><counter type="LINE" missed="0" covered="3"/><counter type="COMPLEXITY" missed="0" covered="1"/><counter type="METHOD" missed="0" covered="1"/></method><method name="call" desc="(ILjava/lang/Object;)V" line="17"><counter type="INSTRUCTION" missed="0" covered="10"/><counter type="LINE" missed="0" covered="2"/><counter type="COMPLEXITY" missed="0" covered="1"/><counter type="METHOD" missed="0" covered="1"/></method><counter type="INSTRUCTION" missed="0" covered="16"/><counter type="LINE" missed="0" covered="5"/><counter type="COMPLEXITY" missed="0" covered="2"/><counter type="METHOD" missed="0" covered="2"/><counter type="CLASS" missed="0" covered="1"/></class><class name="com/belteshazzar/jquery/functions/callers/VoidFunctionCaller"><method name="&lt;init&gt;" desc="(Lcom/belteshazzar/jquery/functions/VoidFunction;)V" line="9"><counter type="INSTRUCTION" missed="0" covered="6"/><counter type="LINE" missed="0" covered="3"/><counter type="COMPLEXITY" missed="0" covered="1"/><counter type="METHOD" missed="0" covered="1"/></method><method name="call" desc="()V" line="14"><counter type="INSTRUCTION" missed="0" covered="4"/><counter type="LINE" missed="0" covered="2"/><counter type="COMPLEXITY" missed="0" covered="1"/><counter type="METHOD" missed="0" covered="1"/></method><counter type="INSTRUCTION" missed="0" covered="10"/><counter type="LINE" missed="0" covered="5"/><counter type="COMPLEXITY" missed="0" covered="2"/><counter type="METHOD" missed="0" covered="2"/><counter type="CLASS" missed="0" covered="1"/></class><class name="com/belteshazzar/jquery/functions/callers/IntElementBooleanFunctionCaller"><method name="&lt;init&gt;" desc="(Lcom/belteshazzar/jquery/functions/IntElementBooleanFunction;)V" line="11"><counter type="INSTRUCTION" missed="6" covered="0"/><counter type="LINE" missed="3" covered="0"/><counter type="COMPLEXITY" missed="1" covered="0"/><counter type="METHOD" missed="1" covered="0"/></method><method name="call" desc="(ILjava/lang/Object;)Z" line="16"><counter type="INSTRUCTION" missed="7" covered="0"/><counter type="LINE" missed="1" covered="0"/><counter type="COMPLEXITY" missed="1" covered="0"/><counter type="METHOD" missed="1" covered="0"/></method><counter type="INSTRUCTION" missed="13" covered="0"/><counter type="LINE" missed="4" covered="0"/><counter type="COMPLEXITY" missed="2" covered="0"/><counter type="METHOD" missed="2" covered="0"/><counter type="CLASS" missed="1" covered="0"/></class><class name="com/belteshazzar/jquery/functions/callers/IntElementStringFunctionCaller"><method name="&lt;init&gt;" desc="(Lcom/belteshazzar/jquery/functions/IntElementStringFunction;)V" line="11"><counter type="INSTRUCTION" missed="6" covered="0"/><counter type="LINE" missed="3" covered="0"/><counter type="COMPLEXITY" missed="1" covered="0"/><counter type="METHOD" missed="1" covered="0"/></method><method name="call" desc="(ILjava/lang/Object;)Ljava/lang/String;" line="16"><counter type="INSTRUCTION" missed="7" covered="0"/><counter type="LINE" missed="1" covered="0"/><counter type="COMPLEXITY" missed="1" covered="0"/><counter type="METHOD" missed="1" covered="0"/></method><counter type="INSTRUCTION" missed="13" covered="0"/><counter type="LINE" missed="4" covered="0"/><counter type="COMPLEXITY" missed="2" covered="0"/><counter type="METHOD" missed="2" covered="0"/><counter type="CLASS" missed="1" covered="0"/></class><class name="com/belteshazzar/jquery/functions/callers/PromiseBooleanVoidFunctionCaller"><method name="&lt;init&gt;" desc="(Lcom/belteshazzar/jquery/functions/PromiseBooleanVoidFunction;)V" line="12"><counter type="INSTRUCTION" missed="0" covered="6"/><counter type="LINE" missed="0" covered="3"/><counter type="COMPLEXITY" missed="0" covered="1"/><counter type="METHOD" missed="0" covered="1"/></method><method name="call" desc="(Ljava/lang/Object;Z)V" line="17"><counter type="INSTRUCTION" missed="10" covered="0"/><counter type="LINE" missed="2" covered="0"/><counter type="COMPLEXITY" missed="1" covered="0"/><counter type="METHOD" missed="1" covered="0"/></method><counter type="INSTRUCTION" missed="10" covered="6"/><counter type="LINE" missed="2" covered="3"/><counter type="COMPLEXITY" missed="1" covered="1"/><counter type="METHOD" missed="1" covered="1"/><counter type="CLASS" missed="0" covered="1"/></class><class name="com/belteshazzar/jquery/functions/callers/IntStringIntFunctionCaller"><method name="&lt;init&gt;" desc="(Lcom/belteshazzar/jquery/functions/IntStringIntFunction;)V" line="9"><counter type="INSTRUCTION" missed="6" covered="0"/><counter type="LINE" missed="3" covered="0"/><counter type="COMPLEXITY" missed="1" covered="0"/><counter type="METHOD" missed="1" covered="0"/></method><method name="call" desc="(ILjava/lang/String;)I" line="14"><counter type="INSTRUCTION" missed="6" covered="0"/><counter type="LINE" missed="1" covered="0"/><counter type="COMPLEXITY" missed="1" covered="0"/><counter type="METHOD" missed="1" covered="0"/></method><counter type="INSTRUCTION" missed="12" covered="0"/><counter type="LINE" missed="4" covered="0"/><counter type="COMPLEXITY" missed="2" covered="0"/><counter type="METHOD" missed="2" covered="0"/><counter type="CLASS" missed="1" covered="0"/></class><sourcefile name="IntElementBooleanFunctionCaller.java"><line nr="11" mi="2" ci="0" mb="0" cb="0"/><line nr="12" mi="3" ci="0" mb="0" cb="0"/><line nr="13" mi="1" ci="0" mb="0" cb="0"/><line nr="16" mi="7" ci="0" mb="0" cb="0"/><counter type="INSTRUCTION" missed="13" covered="0"/><counter type="LINE" missed="4" covered="0"/><counter type="COMPLEXITY" missed="2" covered="0"/><counter type="METHOD" missed="2" covered="0"/><counter type="CLASS" missed="1" covered="0"/></sourcefile><sourcefile name="IntStringIntFunctionCaller.java"><line nr="9" mi="2" ci="0" mb="0" cb="0"/><line nr="10" mi="3" ci="0" mb="0" cb="0"/><line nr="11" mi="1" ci="0" mb="0" cb="0"/><line nr="14" mi="6" ci="0" mb="0" cb="0"/><counter type="INSTRUCTION" missed="12" covered="0"/><counter type="LINE" missed="4" covered="0"/><counter type="COMPLEXITY" missed="2" covered="0"/><counter type="METHOD" missed="2" covered="0"/><counter type="CLASS" missed="1" covered="0"/></sourcefile><sourcefile name="PromiseBooleanVoidFunctionCaller.java"><line nr="12" mi="0" ci="2" mb="0" cb="0"/><line nr="13" mi="0" ci="3" mb="0" cb="0"/><line nr="14" mi="0" ci="1" mb="0" cb="0"/><line nr="17" mi="9" ci="0" mb="0" cb="0"/><line nr="18" mi="1" ci="0" mb="0" cb="0"/><counter type="INSTRUCTION" missed="10" covered="6"/><counter type="LINE" missed="2" covered="3"/><counter type="COMPLEXITY" missed="1" covered="1"/><counter type="METHOD" missed="1" covered="1"/><counter type="CLASS" missed="0" covered="1"/></sourcefile><sourcefile name="IntElementObjectFunctionCaller.java"><line nr="11" mi="0" ci="2" mb="0" cb="0"/><line nr="12" mi="0" ci="3" mb="0" cb="0"/><line nr="13" mi="0" ci="1" mb="0" cb="0"/><line nr="16" mi="0" ci="7" mb="0" cb="0"/><counter type="INSTRUCTION" missed="0" covered="13"/><counter type="LINE" missed="0" covered="4"/><counter type="COMPLEXITY" missed="0" covered="2"/><counter type="METHOD" missed="0" covered="2"/><counter type="CLASS" missed="0" covered="1"/></sourcefile><sourcefile name="IntIntIntFunctionCaller.java"><line nr="9" mi="2" ci="0" mb="0" cb="0"/><line nr="10" mi="3" ci="0" mb="0" cb="0"/><line nr="11" mi="1" ci="0" mb="0" cb="0"/><line nr="14" mi="6" ci="0" mb="0" cb="0"/><counter type="INSTRUCTION" missed="12" covered="0"/><counter type="LINE" missed="4" covered="0"/><counter type="COMPLEXITY" missed="2" covered="0"/><counter type="METHOD" missed="2" covered="0"/><counter type="CLASS" missed="1" covered="0"/></sourcefile><sourcefile name="IntOffsetOffsetFunctionCaller.java"><line nr="12" mi="2" ci="0" mb="0" cb="0"/><line nr="13" mi="3" ci="0" mb="0" cb="0"/><line nr="14" mi="1" ci="0" mb="0" cb="0"/><line nr="17" mi="10" ci="0" mb="0" cb="0"/><counter type="INSTRUCTION" missed="16" covered="0"/><counter type="LINE" missed="4" covered="0"/><counter type="COMPLEXITY" missed="2" covered="0"/><counter type="METHOD" missed="2" covered="0"/><counter type="CLASS" missed="1" covered="0"/></sourcefile><sourcefile name="PromiseIntIntVoidFunctionCaller.java"><line nr="12" mi="2" ci="0" mb="0" cb="0"/><line nr="13" mi="3" ci="0" mb="0" cb="0"/><line nr="14" mi="1" ci="0" mb="0" cb="0"/><line nr="17" mi="10" ci="0" mb="0" cb="0"/><line nr="18" mi="1" ci="0" mb="0" cb="0"/><counter type="INSTRUCTION" missed="17" covered="0"/><counter type="LINE" missed="5" covered="0"/><counter type="COMPLEXITY" missed="2" covered="0"/><counter type="METHOD" missed="2" covered="0"/><counter type="CLASS" missed="1" covered="0"/></sourcefile><sourcefile name="IntStringBooleanStringFunctionCaller.java"><line nr="9" mi="2" ci="0" mb="0" cb="0"/><line nr="10" mi="3" ci="0" mb="0" cb="0"/><line nr="11" mi="1" ci="0" mb="0" cb="0"/><line nr="14" mi="7" ci="0" mb="0" cb="0"/><counter type="INSTRUCTION" missed="13" covered="0"/><counter type="LINE" missed="4" covered="0"/><counter type="COMPLEXITY" missed="2" covered="0"/><counter type="METHOD" missed="2" covered="0"/><counter type="CLASS" missed="1" covered="0"/></sourcefile><sourcefile name="PromiseVoidFunctionCaller.java"><line nr="12" mi="2" ci="0" mb="0" cb="0"/><line nr="13" mi="3" ci="0" mb="0" cb="0"/><line nr="14" mi="1" ci="0" mb="0" cb="0"/><line nr="17" mi="8" ci="0" mb="0" cb="0"/><line nr="18" mi="1" ci="0" mb="0" cb="0"/><counter type="INSTRUCTION" missed="15" covered="0"/><counter type="LINE" missed="5" covered="0"/><counter type="COMPLEXITY" missed="2" covered="0"/><counter type="METHOD" missed="2" covered="0"/><counter type="CLASS" missed="1" covered="0"/></sourcefile><sourcefile name="IntStringStringFunctionCaller.java"><line nr="9" mi="0" ci="2" mb="0" cb="0"/><line nr="10" mi="0" ci="3" mb="0" cb="0"/><line nr="11" mi="0" ci="1" mb="0" cb="0"/><line nr="14" mi="0" ci="6" mb="0" cb="0"/><counter type="INSTRUCTION" missed="0" covered="12"/><counter type="LINE" missed="0" covered="4"/><counter type="COMPLEXITY" missed="0" covered="2"/><counter type="METHOD" missed="0" covered="2"/><counter type="CLASS" missed="0" covered="1"/></sourcefile><sourcefile name="IntStringElementFunctionCaller.java"><line nr="11" mi="2" ci="0" mb="0" cb="0"/><line nr="12" mi="3" ci="0" mb="0" cb="0"/><line nr="13" mi="1" ci="0" mb="0" cb="0"/><line nr="16" mi="6" ci="0" mb="0" cb="0"/><counter type="INSTRUCTION" missed="12" covered="0"/><counter type="LINE" missed="4" covered="0"/><counter type="COMPLEXITY" missed="2" covered="0"/><counter type="METHOD" missed="2" covered="0"/><counter type="CLASS" missed="1" covered="0"/></sourcefile><sourcefile name="EventHandlerCaller.java"><line nr="12" mi="0" ci="2" mb="0" cb="0"/><line nr="13" mi="0" ci="3" mb="0" cb="0"/><line nr="14" mi="0" ci="1" mb="0" cb="0"/><line nr="17" mi="0" ci="7" mb="0" cb="0"/><line nr="18" mi="0" ci="1" mb="0" cb="0"/><counter type="INSTRUCTION" missed="0" covered="14"/><counter type="LINE" missed="0" covered="5"/><counter type="COMPLEXITY" missed="0" covered="2"/><counter type="METHOD" missed="0" covered="2"/><counter type="CLASS" missed="0" covered="1"/></sourcefile><sourcefile name="IntTweenVoidFunctionCaller.java"><line nr="12" mi="0" ci="2" mb="0" cb="0"/><line nr="13" mi="0" ci="3" mb="0" cb="0"/><line nr="14" mi="0" ci="1" mb="0" cb="0"/><line nr="17" mi="0" ci="9" mb="0" cb="0"/><line nr="18" mi="0" ci="1" mb="0" cb="0"/><counter type="INSTRUCTION" missed="0" covered="16"/><counter type="LINE" missed="0" covered="5"/><counter type="COMPLEXITY" missed="0" covered="2"/><counter type="METHOD" missed="0" covered="2"/><counter type="CLASS" missed="0" covered="1"/></sourcefile><sourcefile name="IntElementVoidFunctionCaller.java"><line nr="11" mi="2" ci="0" mb="0" cb="0"/><line nr="12" mi="3" ci="0" mb="0" cb="0"/><line nr="13" mi="1" ci="0" mb="0" cb="0"/><line nr="16" mi="6" ci="0" mb="0" cb="0"/><line nr="17" mi="1" ci="0" mb="0" cb="0"/><counter type="INSTRUCTION" missed="13" covered="0"/><counter type="LINE" missed="5" covered="0"/><counter type="COMPLEXITY" missed="2" covered="0"/><counter type="METHOD" missed="2" covered="0"/><counter type="CLASS" missed="1" covered="0"/></sourcefile><sourcefile name="IntJQueryFunctionCaller.java"><line nr="10" mi="2" ci="0" mb="0" cb="0"/><line nr="11" mi="3" ci="0" mb="0" cb="0"/><line nr="12" mi="1" ci="0" mb="0" cb="0"/><line nr="15" mi="5" ci="0" mb="0" cb="0"/><counter type="INSTRUCTION" missed="11" covered="0"/><counter type="LINE" missed="4" covered="0"/><counter type="COMPLEXITY" missed="2" covered="0"/><counter type="METHOD" missed="2" covered="0"/><counter type="CLASS" missed="1" covered="0"/></sourcefile><sourcefile name="IntIntStringFunctionCaller.java"><line nr="9" mi="2" ci="0" mb="0" cb="0"/><line nr="10" mi="3" ci="0" mb="0" cb="0"/><line nr="11" mi="1" ci="0" mb="0" cb="0"/><line nr="14" mi="6" ci="0" mb="0" cb="0"/><counter type="INSTRUCTION" missed="12" covered="0"/><counter type="LINE" missed="4" covered="0"/><counter type="COMPLEXITY" missed="2" covered="0"/><counter type="METHOD" missed="2" covered="0"/><counter type="CLASS" missed="1" covered="0"/></sourcefile><sourcefile name="IntStringFunctionCaller.java"><line nr="9" mi="2" ci="0" mb="0" cb="0"/><line nr="10" mi="3" ci="0" mb="0" cb="0"/><line nr="11" mi="1" ci="0" mb="0" cb="0"/><line nr="14" mi="5" ci="0" mb="0" cb="0"/><counter type="INSTRUCTION" missed="11" covered="0"/><counter type="LINE" missed="4" covered="0"/><counter type="COMPLEXITY" missed="2" covered="0"/><counter type="METHOD" missed="2" covered="0"/><counter type="CLASS" missed="1" covered="0"/></sourcefile><sourcefile name="IntStringJQueryFunctionCaller.java"><line nr="10" mi="2" ci="0" mb="0" cb="0"/><line nr="11" mi="3" ci="0" mb="0" cb="0"/><line nr="12" mi="1" ci="0" mb="0" cb="0"/><line nr="15" mi="6" ci="0" mb="0" cb="0"/><counter type="INSTRUCTION" missed="12" covered="0"/><counter type="LINE" missed="4" covered="0"/><counter type="COMPLEXITY" missed="2" covered="0"/><counter type="METHOD" missed="2" covered="0"/><counter type="CLASS" missed="1" covered="0"/></sourcefile><sourcefile name="VoidFunctionFunctionCaller.java"><line nr="10" mi="2" ci="0" mb="0" cb="0"/><line nr="11" mi="3" ci="0" mb="0" cb="0"/><line nr="12" mi="1" ci="0" mb="0" cb="0"/><line nr="15" mi="4" ci="0" mb="0" cb="0"/><counter type="INSTRUCTION" missed="10" covered="0"/><counter type="LINE" missed="4" covered="0"/><counter type="COMPLEXITY" missed="2" covered="0"/><counter type="METHOD" missed="2" covered="0"/><counter type="CLASS" missed="1" covered="0"/></sourcefile><sourcefile name="IntElementStringFunctionCaller.java"><line nr="11" mi="2" ci="0" mb="0" cb="0"/><line nr="12" mi="3" ci="0" mb="0" cb="0"/><line nr="13" mi="1" ci="0" mb="0" cb="0"/><line nr="16" mi="7" ci="0" mb="0" cb="0"/><counter type="INSTRUCTION" missed="13" covered="0"/><counter type="LINE" missed="4" covered="0"/><counter type="COMPLEXITY" missed="2" covered="0"/><counter type="METHOD" missed="2" covered="0"/><counter type="CLASS" missed="1" covered="0"/></sourcefile><sourcefile name="IntElementFunctionCaller.java"><line nr="11" mi="2" ci="0" mb="0" cb="0"/><line nr="12" mi="3" ci="0" mb="0" cb="0"/><line nr="13" mi="1" ci="0" mb="0" cb="0"/><line nr="16" mi="5" ci="0" mb="0" cb="0"/><counter type="INSTRUCTION" missed="11" covered="0"/><counter type="LINE" missed="4" covered="0"/><counter type="COMPLEXITY" missed="2" covered="0"/><counter type="METHOD" missed="2" covered="0"/><counter type="CLASS" missed="1" covered="0"/></sourcefile><sourcefile name="IntObjectObjectFunctionCaller.java"><line nr="9" mi="2" ci="0" mb="0" cb="0"/><line nr="10" mi="3" ci="0" mb="0" cb="0"/><line nr="11" mi="1" ci="0" mb="0" cb="0"/><line nr="14" mi="6" ci="0" mb="0" cb="0"/><counter type="INSTRUCTION" missed="12" covered="0"/><counter type="LINE" missed="4" covered="0"/><counter type="COMPLEXITY" missed="2" covered="0"/><counter type="METHOD" missed="2" covered="0"/><counter type="CLASS" missed="1" covered="0"/></sourcefile><sourcefile name="VoidFunctionCaller.java"><line nr="9" mi="0" ci="2" mb="0" cb="0"/><line nr="10" mi="0" ci="3" mb="0" cb="0"/><line nr="11" mi="0" ci="1" mb="0" cb="0"/><line nr="14" mi="0" ci="3" mb="0" cb="0"/><line nr="15" mi="0" ci="1" mb="0" cb="0"/><counter type="INSTRUCTION" missed="0" covered="10"/><counter type="LINE" missed="0" covered="5"/><counter type="COMPLEXITY" missed="0" covered="2"/><counter type="METHOD" missed="0" covered="2"/><counter type="CLASS" missed="0" covered="1"/></sourcefile><counter type="INSTRUCTION" missed="225" covered="71"/><counter type="LINE" missed="73" covered="26"/><counter type="COMPLEXITY" missed="35" covered="11"/><counter type="METHOD" missed="35" covered="11"/><counter type="CLASS" missed="17" covered="6"/></package><package name="com/belteshazzar/jquery"><class name="com/belteshazzar/jquery/PlainObject"><method name="&lt;init&gt;" desc="()V" line="21"><counter type="INSTRUCTION" missed="0" covered="8"/><counter type="LINE" missed="0" covered="3"/><counter type="COMPLEXITY" missed="0" covered="1"/><counter type="METHOD" missed="0" covered="1"/></method><method name="&lt;init&gt;" desc="(Lnetscape/javascript/JSObject;)V" line="26"><counter type="INSTRUCTION" missed="0" covered="34"/><counter type="BRANCH" missed="0" covered="2"/><counter type="LINE" missed="0" covered="7"/><counter type="COMPLEXITY" missed="0" covered="2"/><counter type="METHOD" missed="0" covered="1"/></method><method name="set" desc="(Ljava/lang/String;Ljava/lang/Object;)Lcom/belteshazzar/jquery/PlainObject;" line="36"><counter type="INSTRUCTION" missed="0" covered="8"/><counter type="LINE" missed="0" covered="2"/><counter type="COMPLEXITY" missed="0" covered="1"/><counter type="METHOD" missed="0" covered="1"/></method><method name="get" desc="(Ljava/lang/String;)Ljava/lang/Object;" line="41"><counter type="INSTRUCTION" missed="5" covered="0"/><counter type="LINE" missed="1" covered="0"/><counter type="COMPLEXITY" missed="1" covered="0"/><counter type="METHOD" missed="1" covered="0"/></method><method name="keys" desc="()Ljava/util/Set;" line="45"><counter type="INSTRUCTION" missed="4" covered="0"/><counter type="LINE" missed="1" covered="0"/><counter type="COMPLEXITY" missed="1" covered="0"/><counter type="METHOD" missed="1" covered="0"/></method><method name="values" desc="()Ljava/util/Collection;" line="49"><counter type="INSTRUCTION" missed="4" covered="0"/><counter type="LINE" missed="1" covered="0"/><counter type="COMPLEXITY" missed="1" covered="0"/><counter type="METHOD" missed="1" covered="0"/></method><method name="entries" desc="()Ljava/util/Set;" line="53"><counter type="INSTRUCTION" missed="4" covered="0"/><counter type="LINE" missed="1" covered="0"/><counter type="COMPLEXITY" missed="1" covered="0"/><counter type="METHOD" missed="1" covered="0"/></method><method name="remove" desc="(Ljava/lang/String;)Lcom/belteshazzar/jquery/PlainObject;" line="57"><counter type="INSTRUCTION" missed="7" covered="0"/><counter type="LINE" missed="2" covered="0"/><counter type="COMPLEXITY" missed="1" covered="0"/><counter type="METHOD" missed="1" covered="0"/></method><method name="empty" desc="()Lcom/belteshazzar/jquery/PlainObject;" line="62"><counter type="INSTRUCTION" missed="5" covered="0"/><counter type="LINE" missed="2" covered="0"/><counter type="COMPLEXITY" missed="1" covered="0"/><counter type="METHOD" missed="1" covered="0"/></method><method name="toJSObject" desc="()Lnetscape/javascript/JSObject;" line="67"><counter type="INSTRUCTION" missed="21" covered="37"/><counter type="BRANCH" missed="3" covered="5"/><counter type="LINE" missed="3" covered="10"/><counter type="COMPLEXITY" missed="3" covered="2"/><counter type="METHOD" missed="0" covered="1"/></method><method name="toString" desc="()Ljava/lang/String;" line="86"><counter type="INSTRUCTION" missed="68" covered="0"/><counter type="BRANCH" missed="4" covered="0"/><counter type="LINE" missed="16" covered="0"/><counter type="COMPLEXITY" missed="3" covered="0"/><counter type="METHOD" missed="1" covered="0"/></method><method name="hashCode" desc="()I" line="108"><counter type="INSTRUCTION" missed="19" covered="0"/><counter type="BRANCH" missed="2" covered="0"/><counter type="LINE" missed="4" covered="0"/><counter type="COMPLEXITY" missed="2" covered="0"/><counter type="METHOD" missed="1" covered="0"/></method><method name="equals" desc="(Ljava/lang/Object;)Z" line="116"><counter type="INSTRUCTION" missed="13" covered="24"/><counter type="BRANCH" missed="7" covered="5"/><counter type="LINE" missed="6" covered="7"/><counter type="COMPLEXITY" missed="6" covered="1"/><counter type="METHOD" missed="0" covered="1"/></method><counter type="INSTRUCTION" missed="150" covered="111"/><counter type="BRANCH" missed="16" covered="12"/><counter type="LINE" missed="37" covered="29"/><counter type="COMPLEXITY" missed="20" covered="7"/><counter type="METHOD" missed="8" covered="5"/><counter type="CLASS" missed="0" covered="1"/></class><class name="com/belteshazzar/jquery/Tween"><method name="&lt;init&gt;" desc="(Lnetscape/javascript/JSObject;)V" line="7"><counter type="INSTRUCTION" missed="0" covered="3"/><counter type="LINE" missed="0" covered="2"/><counter type="COMPLEXITY" missed="0" covered="1"/><counter type="METHOD" missed="0" covered="1"/></method><counter type="INSTRUCTION" missed="0" covered="3"/><counter type="LINE" missed="0" covered="2"/><counter type="COMPLEXITY" missed="0" covered="1"/><counter type="METHOD" missed="0" covered="1"/><counter type="CLASS" missed="0" covered="1"/></class><class name="com/belteshazzar/jquery/Event"><method name="&lt;init&gt;" desc="(Lnetscape/javascript/JSObject;)V" line="11"><counter type="INSTRUCTION" missed="0" covered="6"/><counter type="LINE" missed="0" covered="3"/><counter type="COMPLEXITY" missed="0" covered="1"/><counter type="METHOD" missed="0" covered="1"/></method><method name="currentTarget" desc="()Lorg/w3c/dom/Element;" line="16"><counter type="INSTRUCTION" missed="6" covered="0"/><counter type="LINE" missed="1" covered="0"/><counter type="COMPLEXITY" missed="1" covered="0"/><counter type="METHOD" missed="1" covered="0"/></method><method name="data" desc="()Ljava/lang/Object;" line="20"><counter type="INSTRUCTION" missed="0" covered="5"/><counter type="LINE" missed="0" covered="1"/><counter type="COMPLEXITY" missed="0" covered="1"/><counter type="METHOD" missed="0" covered="1"/></method><method name="delegateTarget" desc="()Lorg/w3c/dom/Element;" line="24"><counter type="INSTRUCTION" missed="6" covered="0"/><counter type="LINE" missed="1" covered="0"/><counter type="COMPLEXITY" missed="1" covered="0"/><counter type="METHOD" missed="1" covered="0"/></method><method name="isDefaultPrevented" desc="()Z" line="28"><counter type="INSTRUCTION" missed="9" covered="0"/><counter type="LINE" missed="1" covered="0"/><counter type="COMPLEXITY" missed="1" covered="0"/><counter type="METHOD" missed="1" covered="0"/></method><method name="isImmediatePropogationStopped" desc="()Z" line="32"><counter type="INSTRUCTION" missed="9" covered="0"/><counter type="LINE" missed="1" covered="0"/><counter type="COMPLEXITY" missed="1" covered="0"/><counter type="METHOD" missed="1" covered="0"/></method><method name="isPropogationStopped" desc="()Z" line="36"><counter type="INSTRUCTION" missed="9" covered="0"/><counter type="LINE" missed="1" covered="0"/><counter type="COMPLEXITY" missed="1" covered="0"/><counter type="METHOD" missed="1" covered="0"/></method><method name="meta" desc="()Ljava/lang/String;" line="40"><counter type="INSTRUCTION" missed="6" covered="0"/><counter type="LINE" missed="1" covered="0"/><counter type="COMPLEXITY" missed="1" covered="0"/><counter type="METHOD" missed="1" covered="0"/></method><method name="namespace" desc="()Ljava/lang/String;" line="44"><counter type="INSTRUCTION" missed="6" covered="0"/><counter type="LINE" missed="1" covered="0"/><counter type="COMPLEXITY" missed="1" covered="0"/><counter type="METHOD" missed="1" covered="0"/></method><method name="pageX" desc="()I" line="48"><counter type="INSTRUCTION" missed="7" covered="0"/><counter type="LINE" missed="1" covered="0"/><counter type="COMPLEXITY" missed="1" covered="0"/><counter type="METHOD" missed="1" covered="0"/></method><method name="pageY" desc="()I" line="52"><counter type="INSTRUCTION" missed="7" covered="0"/><counter type="LINE" missed="1" covered="0"/><counter type="COMPLEXITY" missed="1" covered="0"/><counter type="METHOD" missed="1" covered="0"/></method><method name="preventDefault" desc="()V" line="56"><counter type="INSTRUCTION" missed="8" covered="0"/><counter type="LINE" missed="2" covered="0"/><counter type="COMPLEXITY" missed="1" covered="0"/><counter type="METHOD" missed="1" covered="0"/></method><method name="relatedTarget" desc="()Lorg/w3c/dom/Element;" line="60"><counter type="INSTRUCTION" missed="6" covered="0"/><counter type="LINE" missed="1" covered="0"/><counter type="COMPLEXITY" missed="1" covered="0"/><counter type="METHOD" missed="1" covered="0"/></method><method name="result" desc="()Ljava/lang/Object;" line="64"><counter type="INSTRUCTION" missed="5" covered="0"/><counter type="LINE" missed="1" covered="0"/><counter type="COMPLEXITY" missed="1" covered="0"/><counter type="METHOD" missed="1" covered="0"/></method><method name="stopImmediatePropogation" desc="()V" line="68"><counter type="INSTRUCTION" missed="8" covered="0"/><counter type="LINE" missed="2" covered="0"/><counter type="COMPLEXITY" missed="1" covered="0"/><counter type="METHOD" missed="1" covered="0"/></method><method name="stopPropogation" desc="()V" line="72"><counter type="INSTRUCTION" missed="8" covered="0"/><counter type="LINE" missed="2" covered="0"/><counter type="COMPLEXITY" missed="1" covered="0"/><counter type="METHOD" missed="1" covered="0"/></method><method name="target" desc="()Lorg/w3c/dom/Element;" line="76"><counter type="INSTRUCTION" missed="6" covered="0"/><counter type="LINE" missed="1" covered="0"/><counter type="COMPLEXITY" missed="1" covered="0"/><counter type="METHOD" missed="1" covered="0"/></method><method name="timeStamp" desc="()J" line="80"><counter type="INSTRUCTION" missed="8" covered="0"/><counter type="LINE" missed="1" covered="0"/><counter type="COMPLEXITY" missed="1" covered="0"/><counter type="METHOD" missed="1" covered="0"/></method><method name="type" desc="()Ljava/lang/String;" line="84"><counter type="INSTRUCTION" missed="6" covered="0"/><counter type="LINE" missed="1" covered="0"/><counter type="COMPLEXITY" missed="1" covered="0"/><counter type="METHOD" missed="1" covered="0"/></method><method name="which" desc="()I" line="88"><counter type="INSTRUCTION" missed="7" covered="0"/><counter type="LINE" missed="1" covered="0"/><counter type="COMPLEXITY" missed="1" covered="0"/><counter type="METHOD" missed="1" covered="0"/></method><method name="toString" desc="()Ljava/lang/String;" line="93"><counter type="INSTRUCTION" missed="132" covered="0"/><counter type="LINE" missed="30" covered="0"/><counter type="COMPLEXITY" missed="1" covered="0"/><counter type="METHOD" missed="1" covered="0"/></method><counter type="INSTRUCTION" missed="259" covered="11"/><counter type="LINE" missed="51" covered="4"/><counter type="COMPLEXITY" missed="19" covered="2"/><counter type="METHOD" missed="19" covered="2"/><counter type="CLASS" missed="0" covered="1"/></class><class name="com/belteshazzar/jquery/Promise$State"><method name="values" desc="()[Lcom/belteshazzar/jquery/Promise$State;" line="79"><counter type="INSTRUCTION" missed="4" covered="0"/><counter type="LINE" missed="1" covered="0"/><counter type="COMPLEXITY" missed="1" covered="0"/><counter type="METHOD" missed="1" covered="0"/></method><method name="valueOf" desc="(Ljava/lang/String;)Lcom/belteshazzar/jquery/Promise$State;" line="79"><counter type="INSTRUCTION" missed="5" covered="0"/><counter type="LINE" missed="1" covered="0"/><counter type="COMPLEXITY" missed="1" covered="0"/><counter type="METHOD" missed="1" covered="0"/></method><method name="&lt;init&gt;" desc="(Ljava/lang/String;I)V" line="79"><counter type="INSTRUCTION" missed="5" covered="0"/><counter type="LINE" missed="1" covered="0"/><counter type="COMPLEXITY" missed="1" covered="0"/><counter type="METHOD" missed="1" covered="0"/></method><method name="&lt;clinit&gt;" desc="()V" line="79"><counter type="INSTRUCTION" missed="34" covered="0"/><counter type="LINE" missed="2" covered="0"/><counter type="COMPLEXITY" missed="1" covered="0"/><counter type="METHOD" missed="1" covered="0"/></method><counter type="INSTRUCTION" missed="48" covered="0"/><counter type="LINE" missed="2" covered="0"/><counter type="COMPLEXITY" missed="4" covered="0"/><counter type="METHOD" missed="4" covered="0"/><counter type="CLASS" missed="1" covered="0"/></class><class name="com/belteshazzar/jquery/JQuery$1"><method name="&lt;init&gt;" desc="()V" line="93"><counter type="INSTRUCTION" missed="0" covered="3"/><counter type="LINE" missed="0" covered="1"/><counter type="COMPLEXITY" missed="0" covered="1"/><counter type="METHOD" missed="0" covered="1"/></method><method name="changed" desc="(Ljavafx/beans/value/ObservableValue;Ljavafx/concurrent/Worker$State;Ljavafx/concurrent/Worker$State;)V" line="97"><counter type="INSTRUCTION" missed="0" covered="9"/><counter type="BRANCH" missed="0" covered="2"/><counter type="LINE" missed="0" covered="4"/><counter type="COMPLEXITY" missed="0" covered="2"/><counter type="METHOD" missed="0" covered="1"/></method><counter type="INSTRUCTION" missed="0" covered="12"/><counter type="BRANCH" missed="0" covered="2"/><counter type="LINE" missed="0" covered="5"/><counter type="COMPLEXITY" missed="0" covered="3"/><counter type="METHOD" missed="0" covered="2"/><counter type="CLASS" missed="0" covered="1"/></class><class name="com/belteshazzar/jquery/JQuery$2"><method name="&lt;init&gt;" desc="()V" line="120"><counter type="INSTRUCTION" missed="0" covered="3"/><counter type="LINE" missed="0" covered="1"/><counter type="COMPLEXITY" missed="0" covered="1"/><counter type="METHOD" missed="0" covered="1"/></method><method name="handleEvent" desc="(Lorg/w3c/dom/events/Event;)V" line="124"><counter type="INSTRUCTION" missed="5" covered="15"/><counter type="BRANCH" missed="1" covered="1"/><counter type="LINE" missed="1" covered="5"/><counter type="COMPLEXITY" missed="1" covered="1"/><counter type="METHOD" missed="0" covered="1"/></method><counter type="INSTRUCTION" missed="5" covered="18"/><counter type="BRANCH" missed="1" covered="1"/><counter type="LINE" missed="1" covered="6"/><counter type="COMPLEXITY" missed="1" covered="2"/><counter type="METHOD" missed="0" covered="2"/><counter type="CLASS" missed="0" covered="1"/></class><class name="com/belteshazzar/jquery/JQuery$3"><method name="&lt;init&gt;" desc="(Lcom/sun/webkit/dom/HTMLScriptElementImpl;)V" line="133"><counter type="INSTRUCTION" missed="0" covered="6"/><counter type="LINE" missed="0" covered="1"/><counter type="COMPLEXITY" missed="0" covered="1"/><counter type="METHOD" missed="0" covered="1"/></method><method name="handleEvent" desc="(Lorg/w3c/dom/events/Event;)V" line="137"><counter type="INSTRUCTION" missed="13" covered="0"/><counter type="BRANCH" missed="2" covered="0"/><counter type="LINE" missed="3" covered="0"/><counter type="COMPLEXITY" missed="2" covered="0"/><counter type="METHOD" missed="1" covered="0"/></method><counter type="INSTRUCTION" missed="13" covered="6"/><counter type="BRANCH" missed="2" covered="0"/><counter type="LINE" missed="3" covered="1"/><counter type="COMPLEXITY" missed="2" covered="1"/><counter type="METHOD" missed="1" covered="1"/><counter type="CLASS" missed="0" covered="1"/></class><class name="com/belteshazzar/jquery/AnimationOptions"><method name="&lt;init&gt;" desc="()V" line="13"><counter type="INSTRUCTION" missed="0" covered="3"/><counter type="LINE" missed="0" covered="1"/><counter type="COMPLEXITY" missed="0" covered="1"/><counter type="METHOD" missed="0" covered="1"/></method><method name="toJSObject" desc="()Lnetscape/javascript/JSObject;" line="27"><counter type="INSTRUCTION" missed="62" covered="49"/><counter type="BRANCH" missed="13" covered="11"/><counter type="LINE" missed="2" covered="13"/><counter type="COMPLEXITY" missed="12" covered="1"/><counter type="METHOD" missed="0" covered="1"/></method><method name="duration" desc="(Ljava/lang/Integer;)Lcom/belteshazzar/jquery/AnimationOptions;" line="46"><counter type="INSTRUCTION" missed="5" covered="0"/><counter type="LINE" missed="2" covered="0"/><counter type="COMPLEXITY" missed="1" covered="0"/><counter type="METHOD" missed="1" covered="0"/></method><method name="easing" desc="(Ljava/lang/String;)Lcom/belteshazzar/jquery/AnimationOptions;" line="50"><counter type="INSTRUCTION" missed="5" covered="0"/><counter type="LINE" missed="2" covered="0"/><counter type="COMPLEXITY" missed="1" covered="0"/><counter type="METHOD" missed="1" covered="0"/></method><method name="queue" desc="(Ljava/lang/String;)Lcom/belteshazzar/jquery/AnimationOptions;" line="54"><counter type="INSTRUCTION" missed="5" covered="0"/><counter type="LINE" missed="2" covered="0"/><counter type="COMPLEXITY" missed="1" covered="0"/><counter type="METHOD" missed="1" covered="0"/></method><method name="step" desc="(Lcom/belteshazzar/jquery/functions/IntTweenVoidFunction;)Lcom/belteshazzar/jquery/AnimationOptions;" line="58"><counter type="INSTRUCTION" missed="0" covered="5"/><counter type="LINE" missed="0" covered="2"/><counter type="COMPLEXITY" missed="0" covered="1"/><counter type="METHOD" missed="0" covered="1"/></method><method name="done" desc="(Lcom/belteshazzar/jquery/functions/PromiseBooleanVoidFunction;)Lcom/belteshazzar/jquery/AnimationOptions;" line="62"><counter type="INSTRUCTION" missed="5" covered="0"/><counter type="LINE" missed="2" covered="0"/><counter type="COMPLEXITY" missed="1" covered="0"/><counter type="METHOD" missed="1" covered="0"/></method><method name="fail" desc="(Lcom/belteshazzar/jquery/functions/PromiseBooleanVoidFunction;)Lcom/belteshazzar/jquery/AnimationOptions;" line="66"><counter type="INSTRUCTION" missed="5" covered="0"/><counter type="LINE" missed="2" covered="0"/><counter type="COMPLEXITY" missed="1" covered="0"/><counter type="METHOD" missed="1" covered="0"/></method><method name="always" desc="(Lcom/belteshazzar/jquery/functions/PromiseBooleanVoidFunction;)Lcom/belteshazzar/jquery/AnimationOptions;" line="70"><counter type="INSTRUCTION" missed="0" covered="5"/><counter type="LINE" missed="0" covered="2"/><counter type="COMPLEXITY" missed="0" covered="1"/><counter type="METHOD" missed="0" covered="1"/></method><counter type="INSTRUCTION" missed="87" covered="62"/><counter type="BRANCH" missed="13" covered="11"/><counter type="LINE" missed="12" covered="18"/><counter type="COMPLEXITY" missed="17" covered="4"/><counter type="METHOD" missed="5" covered="4"/><counter type="CLASS" missed="0" covered="1"/></class><class name="com/belteshazzar/jquery/Deferred"><method name="&lt;init&gt;" desc="(Lnetscape/javascript/JSObject;)V" line="8"><counter type="INSTRUCTION" missed="4" covered="0"/><counter type="LINE" missed="2" covered="0"/><counter type="COMPLEXITY" missed="1" covered="0"/><counter type="METHOD" missed="1" covered="0"/></method><method name="notify" desc="([Ljava/lang/Object;)Lcom/belteshazzar/jquery/Deferred;" line="12"><counter type="INSTRUCTION" missed="14" covered="0"/><counter type="LINE" missed="2" covered="0"/><counter type="COMPLEXITY" missed="1" covered="0"/><counter type="METHOD" missed="1" covered="0"/></method><method name="notifyWith" desc="(Ljava/lang/Object;)Lcom/belteshazzar/jquery/Deferred;" line="17"><counter type="INSTRUCTION" missed="13" covered="0"/><counter type="LINE" missed="2" covered="0"/><counter type="COMPLEXITY" missed="1" covered="0"/><counter type="METHOD" missed="1" covered="0"/></method><method name="notifyWith" desc="(Ljava/lang/Object;[Ljava/lang/Object;)Lcom/belteshazzar/jquery/Deferred;" line="21"><counter type="INSTRUCTION" missed="18" covered="0"/><counter type="LINE" missed="2" covered="0"/><counter type="COMPLEXITY" missed="1" covered="0"/><counter type="METHOD" missed="1" covered="0"/></method><method name="reject" desc="()Lcom/belteshazzar/jquery/Deferred;" line="26"><counter type="INSTRUCTION" missed="9" covered="0"/><counter type="LINE" missed="2" covered="0"/><counter type="COMPLEXITY" missed="1" covered="0"/><counter type="METHOD" missed="1" covered="0"/></method><method name="reject" desc="([Ljava/lang/Object;)Lcom/belteshazzar/jquery/Deferred;" line="31"><counter type="INSTRUCTION" missed="14" covered="0"/><counter type="LINE" missed="2" covered="0"/><counter type="COMPLEXITY" missed="1" covered="0"/><counter type="METHOD" missed="1" covered="0"/></method><method name="rejectWith" desc="(Ljava/lang/Object;)Lcom/belteshazzar/jquery/Deferred;" line="36"><counter type="INSTRUCTION" missed="13" covered="0"/><counter type="LINE" missed="2" covered="0"/><counter type="COMPLEXITY" missed="1" covered="0"/><counter type="METHOD" missed="1" covered="0"/></method><method name="rejectWith" desc="(Ljava/lang/Object;[Ljava/lang/Object;)Lcom/belteshazzar/jquery/Deferred;" line="41"><counter type="INSTRUCTION" missed="18" covered="0"/><counter type="LINE" missed="2" covered="0"/><counter type="COMPLEXITY" missed="1" covered="0"/><counter type="METHOD" missed="1" covered="0"/></method><method name="resolve" desc="()Lcom/belteshazzar/jquery/Deferred;" line="46"><counter type="INSTRUCTION" missed="9" covered="0"/><counter type="LINE" missed="2" covered="0"/><counter type="COMPLEXITY" missed="1" covered="0"/><counter type="METHOD" missed="1" covered="0"/></method><method name="resolve" desc="([Ljava/lang/Object;)Lcom/belteshazzar/jquery/Deferred;" line="51"><counter type="INSTRUCTION" missed="14" covered="0"/><counter type="LINE" missed="2" covered="0"/><counter type="COMPLEXITY" missed="1" covered="0"/><counter type="METHOD" missed="1" covered="0"/></method><method name="resolveWith" desc="(Ljava/lang/Object;)Lcom/belteshazzar/jquery/Deferred;" line="56"><counter type="INSTRUCTION" missed="13" covered="0"/><counter type="LINE" missed="2" covered="0"/><counter type="COMPLEXITY" missed="1" covered="0"/><counter type="METHOD" missed="1" covered="0"/></method><method name="resolveWith" desc="(Ljava/lang/Object;[Ljava/lang/Object;)Lcom/belteshazzar/jquery/Deferred;" line="61"><counter type="INSTRUCTION" missed="18" covered="0"/><counter type="LINE" missed="2" covered="0"/><counter type="COMPLEXITY" missed="1" covered="0"/><counter type="METHOD" missed="1" covered="0"/></method><method name="when" desc="([Lcom/belteshazzar/jquery/Deferred;)Lcom/belteshazzar/jquery/Promise;" line="66"><counter type="INSTRUCTION" missed="14" covered="0"/><counter type="LINE" missed="2" covered="0"/><counter type="COMPLEXITY" missed="1" covered="0"/><counter type="METHOD" missed="1" covered="0"/></method><counter type="INSTRUCTION" missed="171" covered="0"/><counter type="LINE" missed="26" covered="0"/><counter type="COMPLEXITY" missed="13" covered="0"/><counter type="METHOD" missed="13" covered="0"/><counter type="CLASS" missed="1" covered="0"/></class><class name="com/belteshazzar/jquery/Offset"><method name="&lt;init&gt;" desc="(Lnetscape/javascript/JSObject;)V" line="9"><counter type="INSTRUCTION" missed="17" covered="0"/><counter type="LINE" missed="4" covered="0"/><counter type="COMPLEXITY" missed="1" covered="0"/><counter type="METHOD" missed="1" covered="0"/></method><counter type="INSTRUCTION" missed="17" covered="0"/><counter type="LINE" missed="4" covered="0"/><counter type="COMPLEXITY" missed="1" covered="0"/><counter type="METHOD" missed="1" covered="0"/><counter type="CLASS" missed="1" covered="0"/></class><class name="com/belteshazzar/jquery/JQuery$Config"><method name="&lt;init&gt;" desc="()V" line="76"><counter type="INSTRUCTION" missed="0" covered="12"/><counter type="LINE" missed="0" covered="5"/><counter type="COMPLEXITY" missed="0" covered="1"/><counter type="METHOD" missed="0" covered="1"/></method><counter type="INSTRUCTION" missed="0" covered="12"/><counter type="LINE" missed="0" covered="5"/><counter type="COMPLEXITY" missed="0" covered="1"/><counter type="METHOD" missed="0" covered="1"/><counter type="CLASS" missed="0" covered="1"/></class><class name="com/belteshazzar/jquery/JQuery"><method name="setEngine" desc="(Ljavafx/scene/web/WebEngine;)V" line="91"><counter type="INSTRUCTION" missed="1" covered="15"/><counter type="BRANCH" missed="1" covered="1"/><counter type="LINE" missed="1" covered="4"/><counter type="COMPLEXITY" missed="1" covered="1"/><counter type="METHOD" missed="0" covered="1"/></method><method name="documentLoaded" desc="()V" line="114"><counter type="INSTRUCTION" missed="11" covered="35"/><counter type="LINE" missed="4" covered="8"/><counter type="COMPLEXITY" missed="0" covered="1"/><counter type="METHOD" missed="0" covered="1"/></method><method name="documentReady" desc="()V" line="149"><counter type="INSTRUCTION" missed="0" covered="19"/><counter type="BRANCH" missed="1" covered="3"/><counter type="LINE" missed="0" covered="5"/><counter type="COMPLEXITY" missed="1" covered="2"/><counter type="METHOD" missed="0" covered="1"/></method><method name="createFunction" desc="(Lcom/belteshazzar/jquery/functions/IntStringStringFunction;)Lnetscape/javascript/JSObject;" line="156"><counter type="INSTRUCTION" missed="0" covered="18"/><counter type="LINE" missed="0" covered="4"/><counter type="COMPLEXITY" missed="0" covered="1"/><counter type="METHOD" missed="0" covered="1"/></method><method name="createFunction" desc="(Lcom/belteshazzar/jquery/EventHandler;)Lnetscape/javascript/JSObject;" line="163"><counter type="INSTRUCTION" missed="0" covered="18"/><counter type="LINE" missed="0" covered="4"/><counter type="COMPLEXITY" missed="0" covered="1"/><counter type="METHOD" missed="0" covered="1"/></method><method name="createFunction" desc="(Lcom/belteshazzar/jquery/functions/IntElementObjectFunction;)Lnetscape/javascript/JSObject;" line="170"><counter type="INSTRUCTION" missed="0" covered="18"/><counter type="LINE" missed="0" covered="4"/><counter type="COMPLEXITY" missed="0" covered="1"/><counter type="METHOD" missed="0" covered="1"/></method><method name="createFunction" desc="(Lcom/belteshazzar/jquery/functions/IntStringFunction;)Lnetscape/javascript/JSObject;" line="177"><counter type="INSTRUCTION" missed="18" covered="0"/><counter type="LINE" missed="4" covered="0"/><counter type="COMPLEXITY" missed="1" covered="0"/><counter type="METHOD" missed="1" covered="0"/></method><method name="createFunction" desc="(Lcom/belteshazzar/jquery/functions/IntStringBooleanStringFunction;)Lnetscape/javascript/JSObject;" line="184"><counter type="INSTRUCTION" missed="18" covered="0"/><counter type="LINE" missed="4" covered="0"/><counter type="COMPLEXITY" missed="1" covered="0"/><counter type="METHOD" missed="1" covered="0"/></method><method name="createFunction" desc="(Lcom/belteshazzar/jquery/functions/IntElementFunction;)Lnetscape/javascript/JSObject;" line="191"><counter type="INSTRUCTION" missed="18" covered="0"/><counter type="LINE" missed="4" covered="0"/><counter type="COMPLEXITY" missed="1" covered="0"/><counter type="METHOD" missed="1" covered="0"/></method><method name="createFunction" desc="(Lcom/belteshazzar/jquery/functions/IntJQueryFunction;)Lnetscape/javascript/JSObject;" line="198"><counter type="INSTRUCTION" missed="18" covered="0"/><counter type="LINE" missed="4" covered="0"/><counter type="COMPLEXITY" missed="1" covered="0"/><counter type="METHOD" missed="1" covered="0"/></method><method name="createFunction" desc="(Lcom/belteshazzar/jquery/functions/IntStringJQueryFunction;)Lnetscape/javascript/JSObject;" line="205"><counter type="INSTRUCTION" missed="18" covered="0"/><counter type="LINE" missed="4" covered="0"/><counter type="COMPLEXITY" missed="1" covered="0"/><counter type="METHOD" missed="1" covered="0"/></method><method name="createFunction" desc="(Lcom/belteshazzar/jquery/functions/IntStringElementFunction;)Lnetscape/javascript/JSObject;" line="212"><counter type="INSTRUCTION" missed="18" covered="0"/><counter type="LINE" missed="4" covered="0"/><counter type="COMPLEXITY" missed="1" covered="0"/><counter type="METHOD" missed="1" covered="0"/></method><method name="createFunction" desc="(Lcom/belteshazzar/jquery/functions/IntIntStringFunction;)Lnetscape/javascript/JSObject;" line="219"><counter type="INSTRUCTION" missed="18" covered="0"/><counter type="LINE" missed="4" covered="0"/><counter type="COMPLEXITY" missed="1" covered="0"/><counter type="METHOD" missed="1" covered="0"/></method><method name="createFunction" desc="(Lcom/belteshazzar/jquery/functions/IntIntIntFunction;)Lnetscape/javascript/JSObject;" line="226"><counter type="INSTRUCTION" missed="18" covered="0"/><counter type="LINE" missed="4" covered="0"/><counter type="COMPLEXITY" missed="1" covered="0"/><counter type="METHOD" missed="1" covered="0"/></method><method name="createFunction" desc="(Lcom/belteshazzar/jquery/functions/VoidFunction;)Lnetscape/javascript/JSObject;" line="233"><counter type="INSTRUCTION" missed="0" covered="18"/><counter type="LINE" missed="0" covered="4"/><counter type="COMPLEXITY" missed="0" covered="1"/><counter type="METHOD" missed="0" covered="1"/></method><method name="createFunction" desc="(Lcom/belteshazzar/jquery/functions/IntObjectObjectFunction;)Lnetscape/javascript/JSObject;" line="240"><counter type="INSTRUCTION" missed="18" covered="0"/><counter type="LINE" missed="4" covered="0"/><counter type="COMPLEXITY" missed="1" covered="0"/><counter type="METHOD" missed="1" covered="0"/></method><method name="createFunction" desc="(Lcom/belteshazzar/jquery/functions/IntTweenVoidFunction;)Lnetscape/javascript/JSObject;" line="247"><counter type="INSTRUCTION" missed="0" covered="18"/><counter type="LINE" missed="0" covered="4"/><counter type="COMPLEXITY" missed="0" covered="1"/><counter type="METHOD" missed="0" covered="1"/></method><method name="createFunction" desc="(Lcom/belteshazzar/jquery/functions/IntElementBooleanFunction;)Lnetscape/javascript/JSObject;" line="254"><counter type="INSTRUCTION" missed="18" covered="0"/><counter type="LINE" missed="4" covered="0"/><counter type="COMPLEXITY" missed="1" covered="0"/><counter type="METHOD" missed="1" covered="0"/></method><method name="createFunction" desc="(Lcom/belteshazzar/jquery/functions/IntOffsetOffsetFunction;)Lnetscape/javascript/JSObject;" line="261"><counter type="INSTRUCTION" missed="18" covered="0"/><counter type="LINE" missed="4" covered="0"/><counter type="COMPLEXITY" missed="1" covered="0"/><counter type="METHOD" missed="1" covered="0"/></method><method name="createFunction" desc="(Lcom/belteshazzar/jquery/functions/PromiseVoidFunction;)Lnetscape/javascript/JSObject;" line="268"><counter type="INSTRUCTION" missed="18" covered="0"/><counter type="LINE" missed="4" covered="0"/><counter type="COMPLEXITY" missed="1" covered="0"/><counter type="METHOD" missed="1" covered="0"/></method><method name="createFunction" desc="(Lcom/belteshazzar/jquery/functions/PromiseBooleanVoidFunction;)Lnetscape/javascript/JSObject;" line="275"><counter type="INSTRUCTION" missed="0" covered="18"/><counter type="LINE" missed="0" covered="4"/><counter type="COMPLEXITY" missed="0" covered="1"/><counter type="METHOD" missed="0" covered="1"/></method><method name="createFunction" desc="(Lcom/belteshazzar/jquery/functions/PromiseIntIntVoidFunction;)Lnetscape/javascript/JSObject;" line="282"><counter type="INSTRUCTION" missed="18" covered="0"/><counter type="LINE" missed="4" covered="0"/><counter type="COMPLEXITY" missed="1" covered="0"/><counter type="METHOD" missed="1" covered="0"/></method><method name="createFunction" desc="(Lcom/belteshazzar/jquery/functions/IntStringIntFunction;)Lnetscape/javascript/JSObject;" line="289"><counter type="INSTRUCTION" missed="18" covered="0"/><counter type="LINE" missed="4" covered="0"/><counter type="COMPLEXITY" missed="1" covered="0"/><counter type="METHOD" missed="1" covered="0"/></method><method name="createFunction" desc="(Lcom/belteshazzar/jquery/functions/VoidFunctionFunction;)Lnetscape/javascript/JSObject;" line="296"><counter type="INSTRUCTION" missed="18" covered="0"/><counter type="LINE" missed="4" covered="0"/><counter type="COMPLEXITY" missed="1" covered="0"/><counter type="METHOD" missed="1" covered="0"/></method><method name="createArray" desc="([Ljava/lang/Object;)Lnetscape/javascript/JSObject;" line="303"><counter type="INSTRUCTION" missed="0" covered="18"/><counter type="BRANCH" missed="0" covered="2"/><counter type="LINE" missed="0" covered="3"/><counter type="COMPLEXITY" missed="0" covered="2"/><counter type="METHOD" missed="0" covered="1"/></method><method name="createArray" desc="()Lnetscape/javascript/JSObject;" line="309"><counter type="INSTRUCTION" missed="0" covered="5"/><counter type="LINE" missed="0" covered="1"/><counter type="COMPLEXITY" missed="0" covered="1"/><counter type="METHOD" missed="0" covered="1"/></method><method name="createObject" desc="()Lnetscape/javascript/JSObject;" line="313"><counter type="INSTRUCTION" missed="0" covered="5"/><counter type="LINE" missed="0" covered="1"/><counter type="COMPLEXITY" missed="0" covered="1"/><counter type="METHOD" missed="0" covered="1"/></method><method name="$" desc="(Ljava/lang/String;)Lcom/belteshazzar/jquery/JQuery;" line="321"><counter type="INSTRUCTION" missed="0" covered="13"/><counter type="LINE" missed="0" covered="1"/><counter type="COMPLEXITY" missed="0" covered="1"/><counter type="METHOD" missed="0" covered="1"/></method><method name="$" desc="(Ljava/lang/String;Lorg/w3c/dom/Element;)Lcom/belteshazzar/jquery/JQuery;" line="326"><counter type="INSTRUCTION" missed="0" covered="17"/><counter type="LINE" missed="0" covered="1"/><counter type="COMPLEXITY" missed="0" covered="1"/><counter type="METHOD" missed="0" covered="1"/></method><method name="$" desc="(Ljava/lang/String;Lcom/belteshazzar/jquery/JQuery;)Lcom/belteshazzar/jquery/JQuery;" line="331"><counter type="INSTRUCTION" missed="0" covered="18"/><counter type="LINE" missed="0" covered="1"/><counter type="COMPLEXITY" missed="0" covered="1"/><counter type="METHOD" missed="0" covered="1"/></method><method name="$" desc="(Lorg/w3c/dom/Element;)Lcom/belteshazzar/jquery/JQuery;" line="336"><counter type="INSTRUCTION" missed="0" covered="13"/><counter type="LINE" missed="0" covered="1"/><counter type="COMPLEXITY" missed="0" covered="1"/><counter type="METHOD" missed="0" covered="1"/></method><method name="$" desc="([Lorg/w3c/dom/Element;)Lcom/belteshazzar/jquery/JQuery;" line="341"><counter type="INSTRUCTION" missed="0" covered="14"/><counter type="LINE" missed="0" covered="1"/><counter type="COMPLEXITY" missed="0" covered="1"/><counter type="METHOD" missed="0" covered="1"/></method><method name="$" desc="(Lcom/belteshazzar/jquery/PlainObject;)Lcom/belteshazzar/jquery/JQuery;" line="346"><counter type="INSTRUCTION" missed="0" covered="14"/><counter type="LINE" missed="0" covered="1"/><counter type="COMPLEXITY" missed="0" covered="1"/><counter type="METHOD" missed="0" covered="1"/></method><method name="$" desc="(Lcom/belteshazzar/jquery/JQuery;)Lcom/belteshazzar/jquery/JQuery;" line="351"><counter type="INSTRUCTION" missed="0" covered="14"/><counter type="LINE" missed="0" covered="1"/><counter type="COMPLEXITY" missed="0" covered="1"/><counter type="METHOD" missed="0" covered="1"/></method><method name="$" desc="()Lcom/belteshazzar/jquery/JQuery;" line="356"><counter type="INSTRUCTION" missed="0" covered="9"/><counter type="LINE" missed="0" covered="1"/><counter type="COMPLEXITY" missed="0" covered="1"/><counter type="METHOD" missed="0" covered="1"/></method><method name="$" desc="(Ljava/lang/String;Lcom/belteshazzar/jquery/PlainObject;)Lcom/belteshazzar/jquery/JQuery;" line="396"><counter type="INSTRUCTION" missed="0" covered="18"/><counter type="LINE" missed="0" covered="1"/><counter type="COMPLEXITY" missed="0" covered="1"/><counter type="METHOD" missed="0" covered="1"/></method><method name="$" desc="(Lcom/belteshazzar/jquery/functions/VoidFunction;)Lcom/belteshazzar/jquery/JQuery;" line="401"><counter type="INSTRUCTION" missed="0" covered="9"/><counter type="LINE" missed="0" covered="2"/><counter type="COMPLEXITY" missed="0" covered="1"/><counter type="METHOD" missed="0" covered="1"/></method><method name="&lt;init&gt;" desc="(Ljava/lang/Object;)V" line="410"><counter type="INSTRUCTION" missed="0" covered="25"/><counter type="BRANCH" missed="0" covered="2"/><counter type="LINE" missed="0" covered="7"/><counter type="COMPLEXITY" missed="0" covered="2"/><counter type="METHOD" missed="0" covered="1"/></method><method name="add" desc="(Ljava/lang/String;)Lcom/belteshazzar/jquery/JQuery;" line="423"><counter type="INSTRUCTION" missed="0" covered="14"/><counter type="LINE" missed="0" covered="1"/><counter type="COMPLEXITY" missed="0" covered="1"/><counter type="METHOD" missed="0" covered="1"/></method><method name="add" desc="(Lorg/w3c/dom/Element;)Lcom/belteshazzar/jquery/JQuery;" line="428"><counter type="INSTRUCTION" missed="0" covered="14"/><counter type="LINE" missed="0" covered="1"/><counter type="COMPLEXITY" missed="0" covered="1"/><counter type="METHOD" missed="0" covered="1"/></method><method name="add" desc="(Lcom/belteshazzar/jquery/JQuery;)Lcom/belteshazzar/jquery/JQuery;" line="433"><counter type="INSTRUCTION" missed="0" covered="15"/><counter type="LINE" missed="0" covered="1"/><counter type="COMPLEXITY" missed="0" covered="1"/><counter type="METHOD" missed="0" covered="1"/></method><method name="add" desc="(Ljava/lang/String;Lorg/w3c/dom/Element;)Lcom/belteshazzar/jquery/JQuery;" line="438"><counter type="INSTRUCTION" missed="18" covered="0"/><counter type="LINE" missed="1" covered="0"/><counter type="COMPLEXITY" missed="1" covered="0"/><counter type="METHOD" missed="1" covered="0"/></method><method name="addBack" desc="()Lcom/belteshazzar/jquery/JQuery;" line="443"><counter type="INSTRUCTION" missed="0" covered="10"/><counter type="LINE" missed="0" covered="1"/><counter type="COMPLEXITY" missed="0" covered="1"/><counter type="METHOD" missed="0" covered="1"/></method><method name="addBack" desc="(Ljava/lang/String;)Lcom/belteshazzar/jquery/JQuery;" line="448"><counter type="INSTRUCTION" missed="0" covered="14"/><counter type="LINE" missed="0" covered="1"/><counter type="COMPLEXITY" missed="0" covered="1"/><counter type="METHOD" missed="0" covered="1"/></method><method name="addClass" desc="(Ljava/lang/String;)Lcom/belteshazzar/jquery/JQuery;" line="453"><counter type="INSTRUCTION" missed="0" covered="13"/><counter type="LINE" missed="0" covered="2"/><counter type="COMPLEXITY" missed="0" covered="1"/><counter type="METHOD" missed="0" covered="1"/></method><method name="addClass" desc="(Lcom/belteshazzar/jquery/functions/IntStringStringFunction;)Lcom/belteshazzar/jquery/JQuery;" line="458"><counter type="INSTRUCTION" missed="0" covered="14"/><counter type="LINE" missed="0" covered="2"/><counter type="COMPLEXITY" missed="0" covered="1"/><counter type="METHOD" missed="0" covered="1"/></method><method name="after" desc="(Ljava/lang/String;)Lcom/belteshazzar/jquery/JQuery;" line="464"><counter type="INSTRUCTION" missed="0" covered="13"/><counter type="LINE" missed="0" covered="2"/><counter type="COMPLEXITY" missed="0" covered="1"/><counter type="METHOD" missed="0" covered="1"/></method><method name="after" desc="(Lorg/w3c/dom/Element;)Lcom/belteshazzar/jquery/JQuery;" line="470"><counter type="INSTRUCTION" missed="0" covered="13"/><counter type="LINE" missed="0" covered="2"/><counter type="COMPLEXITY" missed="0" covered="1"/><counter type="METHOD" missed="0" covered="1"/></method><method name="after" desc="([Lorg/w3c/dom/Element;)Lcom/belteshazzar/jquery/JQuery;" line="476"><counter type="INSTRUCTION" missed="14" covered="0"/><counter type="LINE" missed="2" covered="0"/><counter type="COMPLEXITY" missed="1" covered="0"/><counter type="METHOD" missed="1" covered="0"/></method><method name="after" desc="(Lcom/belteshazzar/jquery/JQuery;)Lcom/belteshazzar/jquery/JQuery;" line="482"><counter type="INSTRUCTION" missed="0" covered="14"/><counter type="LINE" missed="0" covered="2"/><counter type="COMPLEXITY" missed="0" covered="1"/><counter type="METHOD" missed="0" covered="1"/></method><method name="after" desc="(Lcom/belteshazzar/jquery/functions/IntStringFunction;)Lcom/belteshazzar/jquery/JQuery;" line="488"><counter type="INSTRUCTION" missed="15" covered="0"/><counter type="LINE" missed="1" covered="0"/><counter type="COMPLEXITY" missed="1" covered="0"/><counter type="METHOD" missed="1" covered="0"/></method><method name="after" desc="(Lcom/belteshazzar/jquery/functions/IntElementFunction;)Lcom/belteshazzar/jquery/JQuery;" line="493"><counter type="INSTRUCTION" missed="15" covered="0"/><counter type="LINE" missed="1" covered="0"/><counter type="COMPLEXITY" missed="1" covered="0"/><counter type="METHOD" missed="1" covered="0"/></method><method name="after" desc="(Lcom/belteshazzar/jquery/functions/IntJQueryFunction;)Lcom/belteshazzar/jquery/JQuery;" line="498"><counter type="INSTRUCTION" missed="15" covered="0"/><counter type="LINE" missed="1" covered="0"/><counter type="COMPLEXITY" missed="1" covered="0"/><counter type="METHOD" missed="1" covered="0"/></method><method name="after" desc="(Lcom/belteshazzar/jquery/functions/IntStringStringFunction;)Lcom/belteshazzar/jquery/JQuery;" line="503"><counter type="INSTRUCTION" missed="15" covered="0"/><counter type="LINE" missed="1" covered="0"/><counter type="COMPLEXITY" missed="1" covered="0"/><counter type="METHOD" missed="1" covered="0"/></method><method name="after" desc="(Lcom/belteshazzar/jquery/functions/IntStringElementFunction;)Lcom/belteshazzar/jquery/JQuery;" line="508"><counter type="INSTRUCTION" missed="15" covered="0"/><counter type="LINE" missed="1" covered="0"/><counter type="COMPLEXITY" missed="1" covered="0"/><counter type="METHOD" missed="1" covered="0"/></method><method name="after" desc="(Lcom/belteshazzar/jquery/functions/IntStringJQueryFunction;)Lcom/belteshazzar/jquery/JQuery;" line="513"><counter type="INSTRUCTION" missed="15" covered="0"/><counter type="LINE" missed="1" covered="0"/><counter type="COMPLEXITY" missed="1" covered="0"/><counter type="METHOD" missed="1" covered="0"/></method><method name="animate" desc="(Lcom/belteshazzar/jquery/PlainObject;)Lcom/belteshazzar/jquery/JQuery;" line="518"><counter type="INSTRUCTION" missed="15" covered="0"/><counter type="LINE" missed="1" covered="0"/><counter type="COMPLEXITY" missed="1" covered="0"/><counter type="METHOD" missed="1" covered="0"/></method><method name="animate" desc="(Lcom/belteshazzar/jquery/PlainObject;Lcom/belteshazzar/jquery/functions/VoidFunction;)Lcom/belteshazzar/jquery/JQuery;" line="523"><counter type="INSTRUCTION" missed="20" covered="0"/><counter type="LINE" missed="1" covered="0"/><counter type="COMPLEXITY" missed="1" covered="0"/><counter type="METHOD" missed="1" covered="0"/></method><method name="animate" desc="(Lcom/belteshazzar/jquery/PlainObject;I)Lcom/belteshazzar/jquery/JQuery;" line="528"><counter type="INSTRUCTION" missed="20" covered="0"/><counter type="LINE" missed="1" covered="0"/><counter type="COMPLEXITY" missed="1" covered="0"/><counter type="METHOD" missed="1" covered="0"/></method><method name="animate" desc="(Lcom/belteshazzar/jquery/PlainObject;ILcom/belteshazzar/jquery/functions/VoidFunction;)Lcom/belteshazzar/jquery/JQuery;" line="533"><counter type="INSTRUCTION" missed="0" covered="25"/><counter type="LINE" missed="0" covered="1"/><counter type="COMPLEXITY" missed="0" covered="1"/><counter type="METHOD" missed="0" covered="1"/></method><method name="animate" desc="(Lcom/belteshazzar/jquery/PlainObject;ILjava/lang/String;)Lcom/belteshazzar/jquery/JQuery;" line="538"><counter type="INSTRUCTION" missed="0" covered="24"/><counter type="LINE" missed="0" covered="1"/><counter type="COMPLEXITY" missed="0" covered="1"/><counter type="METHOD" missed="0" covered="1"/></method><method name="animate" desc="(Lcom/belteshazzar/jquery/PlainObject;ILjava/lang/String;Lcom/belteshazzar/jquery/functions/VoidFunction;)Lcom/belteshazzar/jquery/JQuery;" line="543"><counter type="INSTRUCTION" missed="0" covered="29"/><counter type="LINE" missed="0" covered="1"/><counter type="COMPLEXITY" missed="0" covered="1"/><counter type="METHOD" missed="0" covered="1"/></method><method name="animate" desc="(Lcom/belteshazzar/jquery/PlainObject;Lcom/belteshazzar/jquery/AnimationOptions;)Lcom/belteshazzar/jquery/JQuery;" line="548"><counter type="INSTRUCTION" missed="0" covered="20"/><counter type="LINE" missed="0" covered="1"/><counter type="COMPLEXITY" missed="0" covered="1"/><counter type="METHOD" missed="0" covered="1"/></method><method name="append" desc="(Ljava/lang/String;)Lcom/belteshazzar/jquery/JQuery;" line="553"><counter type="INSTRUCTION" missed="0" covered="13"/><counter type="LINE" missed="0" covered="2"/><counter type="COMPLEXITY" missed="0" covered="1"/><counter type="METHOD" missed="0" covered="1"/></method><method name="append" desc="(Lorg/w3c/dom/Element;)Lcom/belteshazzar/jquery/JQuery;" line="559"><counter type="INSTRUCTION" missed="13" covered="0"/><counter type="LINE" missed="2" covered="0"/><counter type="COMPLEXITY" missed="1" covered="0"/><counter type="METHOD" missed="1" covered="0"/></method><method name="append" desc="([Lorg/w3c/dom/Element;)Lcom/belteshazzar/jquery/JQuery;" line="565"><counter type="INSTRUCTION" missed="14" covered="0"/><counter type="LINE" missed="2" covered="0"/><counter type="COMPLEXITY" missed="1" covered="0"/><counter type="METHOD" missed="1" covered="0"/></method><method name="append" desc="(Lcom/belteshazzar/jquery/JQuery;)Lcom/belteshazzar/jquery/JQuery;" line="571"><counter type="INSTRUCTION" missed="14" covered="0"/><counter type="LINE" missed="2" covered="0"/><counter type="COMPLEXITY" missed="1" covered="0"/><counter type="METHOD" missed="1" covered="0"/></method><method name="append" desc="(Lcom/belteshazzar/jquery/functions/IntStringStringFunction;)Lcom/belteshazzar/jquery/JQuery;" line="577"><counter type="INSTRUCTION" missed="15" covered="0"/><counter type="LINE" missed="1" covered="0"/><counter type="COMPLEXITY" missed="1" covered="0"/><counter type="METHOD" missed="1" covered="0"/></method><method name="append" desc="(Lcom/belteshazzar/jquery/functions/IntStringElementFunction;)Lcom/belteshazzar/jquery/JQuery;" line="581"><counter type="INSTRUCTION" missed="15" covered="0"/><counter type="LINE" missed="1" covered="0"/><counter type=
[...]
="0" cb="0"/><line nr="2089" mi="18" ci="0" mb="0" cb="0"/><line nr="2094" mi="11" ci="0" mb="0" cb="0"/><line nr="2099" mi="16" ci="0" mb="0" cb="0"/><line nr="2104" mi="9" ci="0" mb="0" cb="0"/><line nr="2109" mi="13" ci="0" mb="0" cb="0"/><line nr="2114" mi="12" ci="0" mb="0" cb="0"/><line nr="2115" mi="2" ci="0" mb="0" cb="0"/><line nr="2120" mi="16" ci="0" mb="0" cb="0"/><line nr="2121" mi="2" ci="0" mb="0" cb="0"/><line nr="2126" mi="12" ci="0" mb="0" cb="0"/><line nr="2127" mi="2" ci="0" mb="0" cb="0"/><line nr="2132" mi="16" ci="0" mb="0" cb="0"/><line nr="2133" mi="2" ci="0" mb="0" cb="0"/><line nr="2138" mi="4" ci="0" mb="0" cb="0"/><line nr="2139" mi="2" ci="0" mb="0" cb="0"/><line nr="2144" mi="10" ci="0" mb="0" cb="0"/><line nr="2149" mi="14" ci="0" mb="0" cb="0"/><line nr="2154" mi="11" ci="0" mb="0" cb="0"/><line nr="2155" mi="2" ci="0" mb="0" cb="0"/><line nr="2160" mi="0" ci="7" mb="0" cb="0"/><line nr="2161" mi="0" ci="2" mb="0" cb="0"/><line nr="2166" mi="0" ci="11" mb="0" cb="0"/><line nr="2167" mi="0" ci="2" mb="0" cb="0"/><line nr="2172" mi="0" ci="12" mb="0" cb="0"/><line nr="2173" mi="0" ci="2" mb="0" cb="0"/><line nr="2178" mi="7" ci="0" mb="0" cb="0"/><line nr="2179" mi="2" ci="0" mb="0" cb="0"/><line nr="2184" mi="11" ci="0" mb="0" cb="0"/><line nr="2185" mi="2" ci="0" mb="0" cb="0"/><line nr="2190" mi="12" ci="0" mb="0" cb="0"/><line nr="2191" mi="2" ci="0" mb="0" cb="0"/><line nr="2196" mi="11" ci="0" mb="0" cb="0"/><line nr="2197" mi="2" ci="0" mb="0" cb="0"/><line nr="2202" mi="14" ci="0" mb="0" cb="0"/><line nr="2207" mi="15" ci="0" mb="0" cb="0"/><line nr="2212" mi="14" ci="0" mb="0" cb="0"/><line nr="2217" mi="15" ci="0" mb="0" cb="0"/><line nr="2222" mi="14" ci="0" mb="0" cb="0"/><line nr="2227" mi="14" ci="0" mb="0" cb="0"/><line nr="2232" mi="15" ci="0" mb="0" cb="0"/><line nr="2237" mi="15" ci="0" mb="0" cb="0"/><line nr="2242" mi="10" ci="0" mb="0" cb="0"/><line nr="2247" mi="7" ci="0" mb="0" cb="0"/><line nr="2248" mi="2" ci="0" mb="0" cb="0"/><line nr="2253" mi="5" ci="0" mb="0" cb="0"/><line nr="2258" mi="6" ci="0" mb="0" cb="0"/><line nr="2263" mi="7" ci="0" mb="0" cb="0"/><line nr="2264" mi="2" ci="0" mb="0" cb="0"/><line nr="2269" mi="5" ci="0" mb="0" cb="0"/><line nr="2274" mi="6" ci="0" mb="0" cb="0"/><line nr="2279" mi="9" ci="0" mb="0" cb="0"/><line nr="2284" mi="14" ci="0" mb="0" cb="0"/><line nr="2289" mi="9" ci="0" mb="0" cb="0"/><line nr="2294" mi="14" ci="0" mb="0" cb="0"/><line nr="2299" mi="7" ci="0" mb="0" cb="0"/><line nr="2300" mi="2" ci="0" mb="0" cb="0"/><line nr="2305" mi="5" ci="0" mb="0" cb="0"/><line nr="2310" mi="6" ci="0" mb="0" cb="0"/><line nr="2315" mi="7" ci="0" mb="0" cb="0"/><line nr="2316" mi="2" ci="0" mb="0" cb="0"/><line nr="2321" mi="11" ci="0" mb="0" cb="0"/><line nr="2322" mi="2" ci="0" mb="0" cb="0"/><line nr="2327" mi="16" ci="0" mb="0" cb="0"/><line nr="2328" mi="2" ci="0" mb="0" cb="0"/><line nr="2333" mi="12" ci="0" mb="0" cb="0"/><line nr="2334" mi="2" ci="0" mb="0" cb="0"/><line nr="2339" mi="15" ci="0" mb="0" cb="0"/><line nr="2340" mi="2" ci="0" mb="0" cb="0"/><line nr="2345" mi="20" ci="0" mb="0" cb="0"/><line nr="2346" mi="2" ci="0" mb="0" cb="0"/><line nr="2351" mi="10" ci="0" mb="0" cb="0"/><line nr="2356" mi="14" ci="0" mb="0" cb="0"/><line nr="2361" mi="9" ci="0" mb="0" cb="0"/><line nr="2367" mi="15" ci="0" mb="0" cb="0"/><line nr="2372" mi="20" ci="0" mb="0" cb="0"/><line nr="2377" mi="7" ci="0" mb="0" cb="0"/><line nr="2378" mi="2" ci="0" mb="0" cb="0"/><line nr="2383" mi="11" ci="0" mb="0" cb="0"/><line nr="2384" mi="2" ci="0" mb="0" cb="0"/><line nr="2389" mi="16" ci="0" mb="0" cb="0"/><line nr="2390" mi="2" ci="0" mb="0" cb="0"/><line nr="2395" mi="12" ci="0" mb="0" cb="0"/><line nr="2396" mi="2" ci="0" mb="0" cb="0"/><line nr="2401" mi="15" ci="0" mb="0" cb="0"/><line nr="2402" mi="2" ci="0" mb="0" cb="0"/><line nr="2407" mi="20" ci="0" mb="0" cb="0"/><line nr="2408" mi="2" ci="0" mb="0" cb="0"/><line nr="2413" mi="7" ci="0" mb="0" cb="0"/><line nr="2414" mi="2" ci="0" mb="0" cb="0"/><line nr="2419" mi="11" ci="0" mb="0" cb="0"/><line nr="2420" mi="2" ci="0" mb="0" cb="0"/><line nr="2425" mi="16" ci="0" mb="0" cb="0"/><line nr="2426" mi="2" ci="0" mb="0" cb="0"/><line nr="2431" mi="12" ci="0" mb="0" cb="0"/><line nr="2432" mi="2" ci="0" mb="0" cb="0"/><line nr="2437" mi="15" ci="0" mb="0" cb="0"/><line nr="2438" mi="2" ci="0" mb="0" cb="0"/><line nr="2443" mi="20" ci="0" mb="0" cb="0"/><line nr="2444" mi="2" ci="0" mb="0" cb="0"/><line nr="2449" mi="7" ci="0" mb="0" cb="0"/><line nr="2450" mi="2" ci="0" mb="0" cb="0"/><line nr="2455" mi="11" ci="0" mb="0" cb="0"/><line nr="2456" mi="2" ci="0" mb="0" cb="0"/><line nr="2461" mi="16" ci="0" mb="0" cb="0"/><line nr="2462" mi="2" ci="0" mb="0" cb="0"/><line nr="2467" mi="12" ci="0" mb="0" cb="0"/><line nr="2468" mi="2" ci="0" mb="0" cb="0"/><line nr="2473" mi="15" ci="0" mb="0" cb="0"/><line nr="2474" mi="2" ci="0" mb="0" cb="0"/><line nr="2479" mi="15" ci="0" mb="0" cb="0"/><line nr="2480" mi="2" ci="0" mb="0" cb="0"/><line nr="2485" mi="7" ci="0" mb="0" cb="0"/><line nr="2486" mi="2" ci="0" mb="0" cb="0"/><line nr="2491" mi="12" ci="0" mb="0" cb="0"/><line nr="2492" mi="2" ci="0" mb="0" cb="0"/><line nr="2497" mi="17" ci="0" mb="0" cb="0"/><line nr="2498" mi="2" ci="0" mb="0" cb="0"/><line nr="2503" mi="11" ci="0" mb="0" cb="0"/><line nr="2504" mi="2" ci="0" mb="0" cb="0"/><line nr="2509" mi="16" ci="0" mb="0" cb="0"/><line nr="2510" mi="2" ci="0" mb="0" cb="0"/><line nr="2515" mi="21" ci="0" mb="0" cb="0"/><line nr="2516" mi="2" ci="0" mb="0" cb="0"/><line nr="2521" mi="5" ci="0" mb="0" cb="0"/><line nr="2526" mi="6" ci="0" mb="0" cb="0"/><line nr="2531" mi="7" ci="0" mb="0" cb="0"/><line nr="2532" mi="2" ci="0" mb="0" cb="0"/><line nr="2537" mi="8" ci="0" mb="0" cb="0"/><line nr="2542" mi="15" ci="0" mb="0" cb="0"/><line nr="2547" mi="15" ci="0" mb="0" cb="0"/><line nr="2552" mi="0" ci="8" mb="0" cb="0"/><line nr="2553" mi="0" ci="7" mb="0" cb="0"/><line nr="2554" mi="0" ci="8" mb="0" cb="2"/><line nr="2555" mi="0" ci="7" mb="0" cb="0"/><line nr="2557" mi="0" ci="2" mb="0" cb="0"/><line nr="2562" mi="7" ci="0" mb="0" cb="0"/><line nr="2563" mi="2" ci="0" mb="0" cb="0"/><line nr="2568" mi="12" ci="0" mb="0" cb="0"/><line nr="2569" mi="2" ci="0" mb="0" cb="0"/><line nr="2574" mi="17" ci="0" mb="0" cb="0"/><line nr="2575" mi="2" ci="0" mb="0" cb="0"/><line nr="2580" mi="12" ci="0" mb="0" cb="0"/><line nr="2581" mi="2" ci="0" mb="0" cb="0"/><line nr="2586" mi="15" ci="0" mb="0" cb="0"/><line nr="2587" mi="2" ci="0" mb="0" cb="0"/><line nr="2591" mi="20" ci="0" mb="0" cb="0"/><line nr="2592" mi="2" ci="0" mb="0" cb="0"/><line nr="2597" mi="12" ci="0" mb="0" cb="0"/><line nr="2598" mi="2" ci="0" mb="0" cb="0"/><line nr="2603" mi="11" ci="0" mb="0" cb="0"/><line nr="2604" mi="2" ci="0" mb="0" cb="0"/><line nr="2609" mi="16" ci="0" mb="0" cb="0"/><line nr="2610" mi="2" ci="0" mb="0" cb="0"/><line nr="2615" mi="7" ci="0" mb="0" cb="0"/><line nr="2616" mi="2" ci="0" mb="0" cb="0"/><line nr="2621" mi="12" ci="0" mb="0" cb="0"/><line nr="2622" mi="2" ci="0" mb="0" cb="0"/><line nr="2627" mi="12" ci="0" mb="0" cb="0"/><line nr="2628" mi="2" ci="0" mb="0" cb="0"/><line nr="2634" mi="17" ci="0" mb="0" cb="0"/><line nr="2635" mi="2" ci="0" mb="0" cb="0"/><line nr="2640" mi="11" ci="0" mb="0" cb="0"/><line nr="2641" mi="2" ci="0" mb="0" cb="0"/><line nr="2646" mi="16" ci="0" mb="0" cb="0"/><line nr="2647" mi="2" ci="0" mb="0" cb="0"/><line nr="2652" mi="16" ci="0" mb="0" cb="0"/><line nr="2653" mi="2" ci="0" mb="0" cb="0"/><line nr="2658" mi="12" ci="0" mb="0" cb="0"/><line nr="2659" mi="2" ci="0" mb="0" cb="0"/><line nr="2664" mi="17" ci="0" mb="0" cb="0"/><line nr="2665" mi="2" ci="0" mb="0" cb="0"/><line nr="2670" mi="17" ci="0" mb="0" cb="0"/><line nr="2671" mi="2" ci="0" mb="0" cb="0"/><line nr="2676" mi="11" ci="0" mb="0" cb="0"/><line nr="2677" mi="2" ci="0" mb="0" cb="0"/><line nr="2682" mi="16" ci="0" mb="0" cb="0"/><line nr="2683" mi="2" ci="0" mb="0" cb="0"/><line nr="2688" mi="16" ci="0" mb="0" cb="0"/><line nr="2689" mi="2" ci="0" mb="0" cb="0"/><line nr="2694" mi="7" ci="0" mb="0" cb="0"/><line nr="2695" mi="2" ci="0" mb="0" cb="0"/><line nr="2700" mi="17" ci="0" mb="0" cb="0"/><line nr="2701" mi="2" ci="0" mb="0" cb="0"/><line nr="2706" mi="17" ci="0" mb="0" cb="0"/><line nr="2707" mi="2" ci="0" mb="0" cb="0"/><line nr="2712" mi="7" ci="0" mb="0" cb="0"/><line nr="2713" mi="2" ci="0" mb="0" cb="0"/><line nr="2718" mi="11" ci="0" mb="0" cb="0"/><line nr="2719" mi="2" ci="0" mb="0" cb="0"/><line nr="2724" mi="0" ci="19" mb="0" cb="0"/><line nr="2725" mi="0" ci="2" mb="0" cb="0"/><line nr="2730" mi="16" ci="0" mb="0" cb="0"/><line nr="2731" mi="2" ci="0" mb="0" cb="0"/><line nr="2736" mi="12" ci="0" mb="0" cb="0"/><line nr="2737" mi="2" ci="0" mb="0" cb="0"/><line nr="2742" mi="7" ci="0" mb="0" cb="0"/><line nr="2743" mi="2" ci="0" mb="0" cb="0"/><line nr="2748" mi="15" ci="0" mb="0" cb="0"/><line nr="2749" mi="2" ci="0" mb="0" cb="0"/><line nr="2754" mi="23" ci="0" mb="0" cb="0"/><line nr="2759" mi="18" ci="0" mb="0" cb="0"/><line nr="2764" mi="11" ci="0" mb="0" cb="0"/><line nr="2765" mi="2" ci="0" mb="0" cb="0"/><line nr="2770" mi="10" ci="0" mb="0" cb="0"/><line nr="2775" mi="7" ci="0" mb="0" cb="0"/><line nr="2780" mi="11" ci="0" mb="0" cb="0"/><line nr="2781" mi="2" ci="0" mb="0" cb="0"/><line nr="2786" mi="12" ci="0" mb="0" cb="0"/><line nr="2787" mi="2" ci="0" mb="0" cb="0"/><line nr="2792" mi="0" ci="10" mb="0" cb="0"/><line nr="2797" mi="0" ci="12" mb="0" cb="0"/><line nr="2798" mi="0" ci="2" mb="0" cb="0"/><line nr="2803" mi="15" ci="0" mb="0" cb="0"/><line nr="2808" mi="15" ci="0" mb="0" cb="0"/><line nr="2813" mi="14" ci="0" mb="0" cb="0"/><line nr="2818" mi="15" ci="0" mb="0" cb="0"/><line nr="2823" mi="14" ci="0" mb="0" cb="0"/><line nr="2828" mi="15" ci="0" mb="0" cb="0"/><line nr="2833" mi="14" ci="0" mb="0" cb="0"/><line nr="2838" mi="15" ci="0" mb="0" cb="0"/><line nr="2843" mi="14" ci="0" mb="0" cb="0"/><line nr="2848" mi="15" ci="0" mb="0" cb="0"/><line nr="2853" mi="14" ci="0" mb="0" cb="0"/><line nr="2858" mi="15" ci="0" mb="0" cb="0"/><line nr="2863" mi="14" ci="0" mb="0" cb="0"/><line nr="2868" mi="15" ci="0" mb="0" cb="0"/><line nr="2873" mi="0" ci="4" mb="0" cb="0"/><line nr="2874" mi="0" ci="4" mb="0" cb="0"/><line nr="2875" mi="0" ci="3" mb="1" cb="1"/><line nr="2876" mi="0" ci="6" mb="0" cb="0"/><line nr="2877" mi="0" ci="8" mb="0" cb="2"/><line nr="2878" mi="0" ci="4" mb="0" cb="0"/><line nr="2879" mi="0" ci="7" mb="0" cb="0"/><line nr="2882" mi="0" ci="4" mb="0" cb="0"/><line nr="2883" mi="0" ci="3" mb="0" cb="0"/><counter type="INSTRUCTION" missed="5350" covered="1507"/><counter type="BRANCH" missed="6" covered="20"/><counter type="LINE" missed="597" covered="242"/><counter type="COMPLEXITY" missed="376" covered="132"/><counter type="METHOD" missed="371" covered="124"/><counter type="CLASS" missed="0" covered="5"/></sourcefile><sourcefile name="Offset.java"><line nr="9" mi="2" ci="0" mb="0" cb="0"/><line nr="10" mi="7" ci="0" mb="0" cb="0"/><line nr="11" mi="7" ci="0" mb="0" cb="0"/><line nr="12" mi="1" ci="0" mb="0" cb="0"/><counter type="INSTRUCTION" missed="17" covered="0"/><counter type="LINE" missed="4" covered="0"/><counter type="COMPLEXITY" missed="1" covered="0"/><counter type="METHOD" missed="1" covered="0"/><counter type="CLASS" missed="1" covered="0"/></sourcefile><sourcefile name="AnimationOptions.java"><line nr="13" mi="0" ci="3" mb="0" cb="0"/><line nr="27" mi="0" ci="2" mb="0" cb="0"/><line nr="28" mi="5" ci="3" mb="1" cb="1"/><line nr="29" mi="5" ci="3" mb="1" cb="1"/><line nr="30" mi="0" ci="3" mb="1" cb="1"/><line nr="31" mi="11" ci="0" mb="2" cb="0"/><line nr="32" mi="5" ci="0" mb="0" cb="0"/><line nr="34" mi="6" ci="3" mb="1" cb="1"/><line nr="35" mi="0" ci="9" mb="1" cb="1"/><line nr="36" mi="6" ci="3" mb="1" cb="1"/><line nr="37" mi="6" ci="3" mb="1" cb="1"/><line nr="38" mi="6" ci="3" mb="1" cb="1"/><line nr="39" mi="6" ci="3" mb="1" cb="1"/><line nr="40" mi="6" ci="3" mb="1" cb="1"/><line nr="41" mi="0" ci="9" mb="1" cb="1"/><line nr="42" mi="0" ci="2" mb="0" cb="0"/><line nr="46" mi="3" ci="0" mb="0" cb="0"/><line nr="47" mi="2" ci="0" mb="0" cb="0"/><line nr="50" mi="3" ci="0" mb="0" cb="0"/><line nr="51" mi="2" ci="0" mb="0" cb="0"/><line nr="54" mi="3" ci="0" mb="0" cb="0"/><line nr="55" mi="2" ci="0" mb="0" cb="0"/><line nr="58" mi="0" ci="3" mb="0" cb="0"/><line nr="59" mi="0" ci="2" mb="0" cb="0"/><line nr="62" mi="3" ci="0" mb="0" cb="0"/><line nr="63" mi="2" ci="0" mb="0" cb="0"/><line nr="66" mi="3" ci="0" mb="0" cb="0"/><line nr="67" mi="2" ci="0" mb="0" cb="0"/><line nr="70" mi="0" ci="3" mb="0" cb="0"/><line nr="71" mi="0" ci="2" mb="0" cb="0"/><counter type="INSTRUCTION" missed="87" covered="62"/><counter type="BRANCH" missed="13" covered="11"/><counter type="LINE" missed="12" covered="18"/><counter type="COMPLEXITY" missed="17" covered="4"/><counter type="METHOD" missed="5" covered="4"/><counter type="CLASS" missed="0" covered="1"/></sourcefile><sourcefile name="PlainObject.java"><line nr="21" mi="0" ci="2" mb="0" cb="0"/><line nr="22" mi="0" ci="5" mb="0" cb="0"/><line nr="23" mi="0" ci="1" mb="0" cb="0"/><line nr="26" mi="0" ci="2" mb="0" cb="0"/><line nr="27" mi="0" ci="5" mb="0" cb="0"/><line nr="28" mi="0" ci="6" mb="0" cb="0"/><line nr="29" mi="0" ci="7" mb="0" cb="2"/><line nr="30" mi="0" ci="5" mb="0" cb="0"/><line nr="31" mi="0" ci="8" mb="0" cb="0"/><line nr="33" mi="0" ci="1" mb="0" cb="0"/><line nr="36" mi="0" ci="6" mb="0" cb="0"/><line nr="37" mi="0" ci="2" mb="0" cb="0"/><line nr="41" mi="5" ci="0" mb="0" cb="0"/><line nr="45" mi="4" ci="0" mb="0" cb="0"/><line nr="49" mi="4" ci="0" mb="0" cb="0"/><line nr="53" mi="4" ci="0" mb="0" cb="0"/><line nr="57" mi="5" ci="0" mb="0" cb="0"/><line nr="58" mi="2" ci="0" mb="0" cb="0"/><line nr="62" mi="3" ci="0" mb="0" cb="0"/><line nr="63" mi="2" ci="0" mb="0" cb="0"/><line nr="67" mi="0" ci="2" mb="0" cb="0"/><line nr="68" mi="0" ci="12" mb="0" cb="2"/><line nr="69" mi="0" ci="4" mb="0" cb="0"/><line nr="70" mi="0" ci="3" mb="0" cb="0"/><line nr="71" mi="0" ci="3" mb="1" cb="1"/><line nr="72" mi="7" ci="0" mb="0" cb="0"/><line nr="73" mi="0" ci="3" mb="1" cb="1"/><line nr="74" mi="7" ci="0" mb="0" cb="0"/><line nr="75" mi="0" ci="3" mb="1" cb="1"/><line nr="76" mi="7" ci="0" mb="0" cb="0"/><line nr="78" mi="0" ci="4" mb="0" cb="0"/><line nr="80" mi="0" ci="1" mb="0" cb="0"/><line nr="81" mi="0" ci="2" mb="0" cb="0"/><line nr="86" mi="4" ci="0" mb="0" cb="0"/><line nr="87" mi="4" ci="0" mb="0" cb="0"/><line nr="88" mi="4" ci="0" mb="0" cb="0"/><line nr="89" mi="3" ci="0" mb="2" cb="0"/><line nr="90" mi="4" ci="0" mb="0" cb="0"/><line nr="91" mi="6" ci="0" mb="0" cb="0"/><line nr="92" mi="4" ci="0" mb="0" cb="0"/><line nr="93" mi="5" ci="0" mb="0" cb="0"/><line nr="94" mi="3" ci="0" mb="2" cb="0"/><line nr="95" mi="4" ci="0" mb="0" cb="0"/><line nr="96" mi="4" ci="0" mb="0" cb="0"/><line nr="97" mi="6" ci="0" mb="0" cb="0"/><line nr="98" mi="4" ci="0" mb="0" cb="0"/><line nr="99" mi="6" ci="0" mb="0" cb="0"/><line nr="102" mi="4" ci="0" mb="0" cb="0"/><line nr="103" mi="3" ci="0" mb="0" cb="0"/><line nr="108" mi="2" ci="0" mb="0" cb="0"/><line nr="109" mi="2" ci="0" mb="0" cb="0"/><line nr="110" mi="13" ci="0" mb="2" cb="0"/><line nr="111" mi="2" ci="0" mb="0" cb="0"/><line nr="116" mi="0" ci="3" mb="1" cb="1"/><line nr="117" mi="2" ci="0" mb="0" cb="0"/><line nr="118" mi="0" ci="2" mb="1" cb="1"/><line nr="119" mi="2" ci="0" mb="0" cb="0"/><line nr="120" mi="0" ci="5" mb="1" cb="1"/><line nr="121" mi="2" ci="0" mb="0" cb="0"/><line nr="122" mi="0" ci="3" mb="0" cb="0"/><line nr="123" mi="0" ci="3" mb="1" cb="1"/><line nr="124" mi="3" ci="0" mb="2" cb="0"/><line nr="125" mi="2" ci="0" mb="0" cb="0"/><line nr="126" mi="0" ci="6" mb="1" cb="1"/><line nr="127" mi="2" ci="0" mb="0" cb="0"/><line nr="128" mi="0" ci="2" mb="0" cb="0"/><counter type="INSTRUCTION" missed="150" covered="111"/><counter type="BRANCH" missed="16" covered="12"/><counter type="LINE" missed="37" covered="29"/><counter type="COMPLEXITY" missed="20" covered="7"/><counter type="METHOD" missed="8" covered="5"/><counter type="CLASS" missed="0" covered="1"/></sourcefile><sourcefile name="Tween.java"><line nr="7" mi="0" ci="2" mb="0" cb="0"/><line nr="9" mi="0" ci="1" mb="0" cb="0"/><counter type="INSTRUCTION" missed="0" covered="3"/><counter type="LINE" missed="0" covered="2"/><counter type="COMPLEXITY" missed="0" covered="1"/><counter type="METHOD" missed="0" covered="1"/><counter type="CLASS" missed="0" covered="1"/></sourcefile><sourcefile name="Event.java"><line nr="11" mi="0" ci="2" mb="0" cb="0"/><line nr="12" mi="0" ci="3" mb="0" cb="0"/><line nr="13" mi="0" ci="1" mb="0" cb="0"/><line nr="16" mi="6" ci="0" mb="0" cb="0"/><line nr="20" mi="0" ci="5" mb="0" cb="0"/><line nr="24" mi="6" ci="0" mb="0" cb="0"/><line nr="28" mi="9" ci="0" mb="0" cb="0"/><line nr="32" mi="9" ci="0" mb="0" cb="0"/><line nr="36" mi="9" ci="0" mb="0" cb="0"/><line nr="40" mi="6" ci="0" mb="0" cb="0"/><line nr="44" mi="6" ci="0" mb="0" cb="0"/><line nr="48" mi="7" ci="0" mb="0" cb="0"/><line nr="52" mi="7" ci="0" mb="0" cb="0"/><line nr="56" mi="7" ci="0" mb="0" cb="0"/><line nr="57" mi="1" ci="0" mb="0" cb="0"/><line nr="60" mi="6" ci="0" mb="0" cb="0"/><line nr="64" mi="5" ci="0" mb="0" cb="0"/><line nr="68" mi="7" ci="0" mb="0" cb="0"/><line nr="69" mi="1" ci="0" mb="0" cb="0"/><line nr="72" mi="7" ci="0" mb="0" cb="0"/><line nr="73" mi="1" ci="0" mb="0" cb="0"/><line nr="76" mi="6" ci="0" mb="0" cb="0"/><line nr="80" mi="8" ci="0" mb="0" cb="0"/><line nr="84" mi="6" ci="0" mb="0" cb="0"/><line nr="88" mi="7" ci="0" mb="0" cb="0"/><line nr="93" mi="4" ci="0" mb="0" cb="0"/><line nr="94" mi="4" ci="0" mb="0" cb="0"/><line nr="95" mi="4" ci="0" mb="0" cb="0"/><line nr="96" mi="5" ci="0" mb="0" cb="0"/><line nr="97" mi="4" ci="0" mb="0" cb="0"/><line nr="98" mi="5" ci="0" mb="0" cb="0"/><line nr="99" mi="4" ci="0" mb="0" cb="0"/><line nr="100" mi="5" ci="0" mb="0" cb="0"/><line nr="101" mi="4" ci="0" mb="0" cb="0"/><line nr="102" mi="5" ci="0" mb="0" cb="0"/><line nr="103" mi="4" ci="0" mb="0" cb="0"/><line nr="104" mi="5" ci="0" mb="0" cb="0"/><line nr="105" mi="4" ci="0" mb="0" cb="0"/><line nr="106" mi="5" ci="0" mb="0" cb="0"/><line nr="107" mi="4" ci="0" mb="0" cb="0"/><line nr="108" mi="5" ci="0" mb="0" cb="0"/><line nr="109" mi="4" ci="0" mb="0" cb="0"/><line nr="110" mi="5" ci="0" mb="0" cb="0"/><line nr="111" mi="4" ci="0" mb="0" cb="0"/><line nr="112" mi="5" ci="0" mb="0" cb="0"/><line nr="113" mi="4" ci="0" mb="0" cb="0"/><line nr="114" mi="5" ci="0" mb="0" cb="0"/><line nr="115" mi="4" ci="0" mb="0" cb="0"/><line nr="116" mi="5" ci="0" mb="0" cb="0"/><line nr="117" mi="4" ci="0" mb="0" cb="0"/><line nr="118" mi="5" ci="0" mb="0" cb="0"/><line nr="119" mi="4" ci="0" mb="0" cb="0"/><line nr="120" mi="5" ci="0" mb="0" cb="0"/><line nr="121" mi="4" ci="0" mb="0" cb="0"/><line nr="122" mi="3" ci="0" mb="0" cb="0"/><counter type="INSTRUCTION" missed="259" covered="11"/><counter type="LINE" missed="51" covered="4"/><counter type="COMPLEXITY" missed="19" covered="2"/><counter type="METHOD" missed="19" covered="2"/><counter type="CLASS" missed="0" covered="1"/></sourcefile><counter type="INSTRUCTION" missed="6347" covered="1694"/><counter type="BRANCH" missed="43" covered="43"/><counter type="LINE" missed="768" covered="295"/><counter type="COMPLEXITY" missed="468" covered="146"/><counter type="METHOD" missed="435" covered="136"/><counter type="CLASS" missed="4" covered="9"/></package><counter type="INSTRUCTION" missed="6572" covered="1765"/><counter type="BRANCH" missed="43" covered="43"/><counter type="LINE" missed="841" covered="321"/><counter type="COMPLEXITY" missed="503" covered="157"/><counter type="METHOD" missed="470" covered="147"/><counter type="CLASS" missed="21" covered="15"/></report>