<?xml version="1.0" encoding="UTF-8" ?>
<testsuite tests="65" failures="0" name="fred.JQueryTest" time="9.141" errors="0" skipped="0">
  <properties>
[...]
</properties>
  <testcase classname="fred.JQueryTest" name="testCssString" time="0.013"/>
  <testcase classname="fred.JQueryTest" name="testUnbindStringEventHandler" time="0.012"/>
  <testcase classname="fred.JQueryTest" name="testFadeToStringDoubleStringVoidFunction" time="0.21"/>
  <testcase classname="fred.JQueryTest" name="testAddClassIntStringStringFunction" time="0.006"/>
  <testcase classname="fred.JQueryTest" name="testAddStringHTMLElement" time="0.02"/>
  <testcase classname="fred.JQueryTest" name="testToArray" time="0"/>
  <testcase classname="fred.JQueryTest" name="testAddBack" time="0"/>
  <testcase classname="fred.JQueryTest" name="testAnimatePlainObjectAnimationOptions" time="0.506"/>
  <testcase classname="fred.JQueryTest" name="testGet" time="0.038"/>
  <testcase classname="fred.JQueryTest" name="testMap" time="0.002"/>
  <testcase classname="fred.JQueryTest" name="testAddClassString" time="0.005"/>
  <testcase classname="fred.JQueryTest" name="testCssStringArray" time="0"/>
  <testcase classname="fred.JQueryTest" name="testAnimatePlainObjectIntString" time="0.002"/>
  <testcase classname="fred.JQueryTest" name="test$HTML" time="0"/>
  <testcase classname="fred.JQueryTest" name="testKeydown" time="0.306"/>
  <testcase classname="fred.JQueryTest" name="testClick" time="0.33"/>
  <testcase classname="fred.JQueryTest" name="testFocus" time="0.388"/>
  <testcase classname="fred.JQueryTest" name="testHover" time="0.3"/>
  <testcase classname="fred.JQueryTest" name="testKeyup" time="0.315"/>
  <testcase classname="fred.JQueryTest" name="testWidth" time="0.013"/>
  <testcase classname="fred.JQueryTest" name="testBlur" time="0.321"/>
  <testcase classname="fred.JQueryTest" name="testEach" time="0.006"/>
  <testcase classname="fred.JQueryTest" name="testGetI" time="0.001"/>
  <testcase classname="fred.JQueryTest" name="testDblclick" time="0.307"/>
  <testcase classname="fred.JQueryTest" name="testFocusin" time="0.311"/>
  <testcase classname="fred.JQueryTest" name="test$HTMLElement" time="0.064"/>
  <testcase classname="fred.JQueryTest" name="testRemoveClassString" time="0.006"/>
  <testcase classname="fred.JQueryTest" name="testRemoveClass" time="0.008"/>
  <testcase classname="fred.JQueryTest" name="testFadeToStringDoubleVoidFunction" time="0.206"/>
  <testcase classname="fred.JQueryTest" name="test$StringJQuery" time="0"/>
  <testcase classname="fred.JQueryTest" name="testContextmenu" time="0.325"/>
  <testcase classname="fred.JQueryTest" name="testAfterJQuery" time="0.092"/>
  <testcase classname="fred.JQueryTest" name="test$Selector" time="0.043"/>
  <testcase classname="fred.JQueryTest" name="testAddHTMLString" time="0"/>
  <testcase classname="fred.JQueryTest" name="test$StringHTMLElement" time="0.001"/>
  <testcase classname="fred.JQueryTest" name="testAfterString" time="0.001"/>
  <testcase classname="fred.JQueryTest" name="testAfterElement" time="0.002"/>
  <testcase classname="fred.JQueryTest" name="testAddHTMLElement" time="0.002"/>
  <testcase classname="fred.JQueryTest" name="test$PlainObject" time="0.002"/>
  <testcase classname="fred.JQueryTest" name="testAnimatePlainObjectIntStringVoidFunction" time="0.509"/>
  <testcase classname="fred.JQueryTest" name="testAddBackString" time="0.036"/>
  <testcase classname="fred.JQueryTest" name="test$" time="0.088"/>
  <testcase classname="fred.JQueryTest" name="testMouseenter" time="0.315"/>
  <testcase classname="fred.JQueryTest" name="testMouseleave" time="0.301"/>
  <testcase classname="fred.JQueryTest" name="testAddJQuery" time="0.001"/>
  <testcase classname="fred.JQueryTest" name="testMouseout" time="0.303"/>
  <testcase classname="fred.JQueryTest" name="testFocusout" time="0.34"/>
  <testcase classname="fred.JQueryTest" name="testMouseup" time="0.293"/>
  <testcase classname="fred.JQueryTest" name="testWidthDouble" time="0.009"/>
  <testcase classname="fred.JQueryTest" name="test$HTMLObject" time="0.035"/>
  <testcase classname="fred.JQueryTest" name="testKeypress" time="0.315"/>
  <testcase classname="fred.JQueryTest" name="testMousedown" time="0.309"/>
  <testcase classname="fred.JQueryTest" name="testMousemove" time="0.306"/>
  <testcase classname="fred.JQueryTest" name="testMouseover" time="0.338"/>
  <testcase classname="fred.JQueryTest" name="testChange" time="0.306"/>
  <testcase classname="fred.JQueryTest" name="testCssPlainObject" time="0.008"/>
  <testcase classname="fred.JQueryTest" name="testDelegateStringStringObjEventHandler" time="0.518"/>
  <testcase classname="fred.JQueryTest" name="testCssStringString" time="0"/>
  <testcase classname="fred.JQueryTest" name="test$VoidFunction" time="0.107"/>
  <testcase classname="fred.JQueryTest" name="testAddSelectorString" time="0"/>
  <testcase classname="fred.JQueryTest" name="test$HTMLElementArray" time="0"/>
  <testcase classname="fred.JQueryTest" name="test$JQuery" time="0"/>
  <testcase classname="fred.JQueryTest" name="testAnimatePlainObjectIntVoidFunction" time="0.504"/>
  <testcase classname="fred.JQueryTest" name="testCssStringIntStringStringFunction" time="0.017"/>
  <testcase classname="fred.JQueryTest" name="testRemoveClassIntStringStringFunction" time="0.019"/>
</testsuite>