<?xml version="1.0" encoding="UTF-8" ?>
<testsuite tests="65" failures="0" name="com.belteshazzar.jquery.JQueryTest" time="8.573" errors="0" skipped="0">
  <properties>
[...]
</properties>
  <testcase classname="com.belteshazzar.jquery.JQueryTest" name="testCssString" time="0.054"/>
  <testcase classname="com.belteshazzar.jquery.JQueryTest" name="testUnbindStringEventHandler" time="0.009"/>
  <testcase classname="com.belteshazzar.jquery.JQueryTest" name="testFadeToStringDoubleStringVoidFunction" time="0.21"/>
  <testcase classname="com.belteshazzar.jquery.JQueryTest" name="testAddClassIntStringStringFunction" time="0.01"/>
  <testcase classname="com.belteshazzar.jquery.JQueryTest" name="testAddStringHTMLElement" time="0.002"/>
  <testcase classname="com.belteshazzar.jquery.JQueryTest" name="testToArray" time="0.002"/>
  <testcase classname="com.belteshazzar.jquery.JQueryTest" name="testAddBack" time="0.001"/>
  <testcase classname="com.belteshazzar.jquery.JQueryTest" name="testAnimatePlainObjectAnimationOptions" time="0.515"/>
  <testcase classname="com.belteshazzar.jquery.JQueryTest" name="testGet" time="0.008"/>
  <testcase classname="com.belteshazzar.jquery.JQueryTest" name="testMap" time="0.009"/>
  <testcase classname="com.belteshazzar.jquery.JQueryTest" name="testAddClassString" time="0.003"/>
  <testcase classname="com.belteshazzar.jquery.JQueryTest" name="testCssStringArray" time="0.001"/>
  <testcase classname="com.belteshazzar.jquery.JQueryTest" name="testAnimatePlainObjectIntString" time="0.001"/>
  <testcase classname="com.belteshazzar.jquery.JQueryTest" name="test$HTML" time="0.001"/>
  <testcase classname="com.belteshazzar.jquery.JQueryTest" name="testKeydown" time="0.305"/>
  <testcase classname="com.belteshazzar.jquery.JQueryTest" name="testClick" time="0.325"/>
  <testcase classname="com.belteshazzar.jquery.JQueryTest" name="testFocus" time="0.313"/>
  <testcase classname="com.belteshazzar.jquery.JQueryTest" name="testHover" time="0.307"/>
  <testcase classname="com.belteshazzar.jquery.JQueryTest" name="testKeyup" time="0.304"/>
  <testcase classname="com.belteshazzar.jquery.JQueryTest" name="testWidth" time="0.002"/>
  <testcase classname="com.belteshazzar.jquery.JQueryTest" name="testBlur" time="0.304"/>
  <testcase classname="com.belteshazzar.jquery.JQueryTest" name="testEach" time="0.004"/>
  <testcase classname="com.belteshazzar.jquery.JQueryTest" name="testGetI" time="0.001"/>
  <testcase classname="com.belteshazzar.jquery.JQueryTest" name="testDblclick" time="0.304"/>
  <testcase classname="com.belteshazzar.jquery.JQueryTest" name="testFocusin" time="0.305"/>
  <testcase classname="com.belteshazzar.jquery.JQueryTest" name="test$HTMLElement" time="0.006"/>
  <testcase classname="com.belteshazzar.jquery.JQueryTest" name="testRemoveClassString" time="0.003"/>
  <testcase classname="com.belteshazzar.jquery.JQueryTest" name="testRemoveClass" time="0.002"/>
  <testcase classname="com.belteshazzar.jquery.JQueryTest" name="testFadeToStringDoubleVoidFunction" time="0.203"/>
  <testcase classname="com.belteshazzar.jquery.JQueryTest" name="test$StringJQuery" time="0.002"/>
  <testcase classname="com.belteshazzar.jquery.JQueryTest" name="testContextmenu" time="0.305"/>
  <testcase classname="com.belteshazzar.jquery.JQueryTest" name="testAfterJQuery" time="0.005"/>
  <testcase classname="com.belteshazzar.jquery.JQueryTest" name="test$Selector" time="0.001"/>
  <testcase classname="com.belteshazzar.jquery.JQueryTest" name="testAddHTMLString" time="0.009"/>
  <testcase classname="com.belteshazzar.jquery.JQueryTest" name="test$StringHTMLElement" time="0.002"/>
  <testcase classname="com.belteshazzar.jquery.JQueryTest" name="testAfterString" time="0.002"/>
  <testcase classname="com.belteshazzar.jquery.JQueryTest" name="testAfterElement" time="0.002"/>
  <testcase classname="com.belteshazzar.jquery.JQueryTest" name="testAddHTMLElement" time="0.009"/>
  <testcase classname="com.belteshazzar.jquery.JQueryTest" name="test$PlainObject" time="0.002"/>
  <testcase classname="com.belteshazzar.jquery.JQueryTest" name="testAnimatePlainObjectIntStringVoidFunction" time="0.505"/>
  <testcase classname="com.belteshazzar.jquery.JQueryTest" name="testAddBackString" time="0.004"/>
  <testcase classname="com.belteshazzar.jquery.JQueryTest" name="test$" time="0.001"/>
  <testcase classname="com.belteshazzar.jquery.JQueryTest" name="testMouseenter" time="0.306"/>
  <testcase classname="com.belteshazzar.jquery.JQueryTest" name="testMouseleave" time="0.304"/>
  <testcase classname="com.belteshazzar.jquery.JQueryTest" name="testAddJQuery" time="0.002"/>
  <testcase classname="com.belteshazzar.jquery.JQueryTest" name="testMouseout" time="0.305"/>
  <testcase classname="com.belteshazzar.jquery.JQueryTest" name="testFocusout" time="0.307"/>
  <testcase classname="com.belteshazzar.jquery.JQueryTest" name="testMouseup" time="0.304"/>
  <testcase classname="com.belteshazzar.jquery.JQueryTest" name="testWidthDouble" time="0.003"/>
  <testcase classname="com.belteshazzar.jquery.JQueryTest" name="test$HTMLObject" time="0.002"/>
  <testcase classname="com.belteshazzar.jquery.JQueryTest" name="testKeypress" time="0.305"/>
  <testcase classname="com.belteshazzar.jquery.JQueryTest" name="testMousedown" time="0.327"/>
  <testcase classname="com.belteshazzar.jquery.JQueryTest" name="testMousemove" time="0.305"/>
  <testcase classname="com.belteshazzar.jquery.JQueryTest" name="testMouseover" time="0.305"/>
  <testcase classname="com.belteshazzar.jquery.JQueryTest" name="testChange" time="0.306"/>
  <testcase classname="com.belteshazzar.jquery.JQueryTest" name="testCssPlainObject" time="0.002"/>
  <testcase classname="com.belteshazzar.jquery.JQueryTest" name="testDelegateStringStringObjEventHandler" time="0.504"/>
  <testcase classname="com.belteshazzar.jquery.JQueryTest" name="testCssStringString" time="0.003"/>
  <testcase classname="com.belteshazzar.jquery.JQueryTest" name="test$VoidFunction" time="0.102"/>
  <testcase classname="com.belteshazzar.jquery.JQueryTest" name="testAddSelectorString" time="0.001"/>
  <testcase classname="com.belteshazzar.jquery.JQueryTest" name="test$HTMLElementArray" time="0.002"/>
  <testcase classname="com.belteshazzar.jquery.JQueryTest" name="test$JQuery" time="0.001"/>
  <testcase classname="com.belteshazzar.jquery.JQueryTest" name="testAnimatePlainObjectIntVoidFunction" time="0.506"/>
  <testcase classname="com.belteshazzar.jquery.JQueryTest" name="testCssStringIntStringStringFunction" time="0.004"/>
  <testcase classname="com.belteshazzar.jquery.JQueryTest" name="testRemoveClassIntStringStringFunction" time="0.004"/>
</testsuite>